[debug] [2022-08-13T12:15:10.390Z] ----------------------------------------------------------------------
[debug] [2022-08-13T12:15:10.392Z] Command:       /usr/local/bin/node /usr/local/bin/firebase deploy --only functions
[debug] [2022-08-13T12:15:10.392Z] CLI Version:   11.6.0
[debug] [2022-08-13T12:15:10.392Z] Platform:      darwin
[debug] [2022-08-13T12:15:10.392Z] Node Version:  v16.15.1
[debug] [2022-08-13T12:15:10.396Z] Time:          Sat Aug 13 2022 21:15:10 GMT+0900 (Japan Standard Time)
[debug] [2022-08-13T12:15:10.396Z] ----------------------------------------------------------------------
[debug] 
[debug] [2022-08-13T12:15:10.442Z] > command requires scopes: ["email","openid","https://www.googleapis.com/auth/cloudplatformprojects.readonly","https://www.googleapis.com/auth/firebase","https://www.googleapis.com/auth/cloud-platform"]
[debug] [2022-08-13T12:15:10.443Z] > authorizing via signed-in user (yimunj931@gmail.com)
[debug] [2022-08-13T12:15:10.443Z] [iam] checking project reddit-clone-tutorial-d01fd for permissions ["cloudfunctions.functions.create","cloudfunctions.functions.delete","cloudfunctions.functions.get","cloudfunctions.functions.list","cloudfunctions.functions.update","cloudfunctions.operations.get","firebase.projects.get"]
[debug] [2022-08-13T12:15:10.445Z] >>> [apiv2][query] POST https://cloudresourcemanager.googleapis.com/v1/projects/reddit-clone-tutorial-d01fd:testIamPermissions [none]
[debug] [2022-08-13T12:15:10.445Z] >>> [apiv2][(partial)header] POST https://cloudresourcemanager.googleapis.com/v1/projects/reddit-clone-tutorial-d01fd:testIamPermissions x-goog-quota-user=projects/reddit-clone-tutorial-d01fd
[debug] [2022-08-13T12:15:10.445Z] >>> [apiv2][body] POST https://cloudresourcemanager.googleapis.com/v1/projects/reddit-clone-tutorial-d01fd:testIamPermissions {"permissions":["cloudfunctions.functions.create","cloudfunctions.functions.delete","cloudfunctions.functions.get","cloudfunctions.functions.list","cloudfunctions.functions.update","cloudfunctions.operations.get","firebase.projects.get"]}
[debug] [2022-08-13T12:15:11.357Z] <<< [apiv2][status] POST https://cloudresourcemanager.googleapis.com/v1/projects/reddit-clone-tutorial-d01fd:testIamPermissions 200
[debug] [2022-08-13T12:15:11.357Z] <<< [apiv2][body] POST https://cloudresourcemanager.googleapis.com/v1/projects/reddit-clone-tutorial-d01fd:testIamPermissions {"permissions":["cloudfunctions.functions.create","cloudfunctions.functions.delete","cloudfunctions.functions.get","cloudfunctions.functions.list","cloudfunctions.functions.update","cloudfunctions.operations.get","firebase.projects.get"]}
[debug] [2022-08-13T12:15:11.358Z] >>> [apiv2][query] POST https://iam.googleapis.com/v1/projects/reddit-clone-tutorial-d01fd/serviceAccounts/reddit-clone-tutorial-d01fd@appspot.gserviceaccount.com:testIamPermissions [none]
[debug] [2022-08-13T12:15:11.358Z] >>> [apiv2][body] POST https://iam.googleapis.com/v1/projects/reddit-clone-tutorial-d01fd/serviceAccounts/reddit-clone-tutorial-d01fd@appspot.gserviceaccount.com:testIamPermissions {"permissions":["iam.serviceAccounts.actAs"]}
[debug] [2022-08-13T12:15:12.267Z] <<< [apiv2][status] POST https://iam.googleapis.com/v1/projects/reddit-clone-tutorial-d01fd/serviceAccounts/reddit-clone-tutorial-d01fd@appspot.gserviceaccount.com:testIamPermissions 200
[debug] [2022-08-13T12:15:12.267Z] <<< [apiv2][body] POST https://iam.googleapis.com/v1/projects/reddit-clone-tutorial-d01fd/serviceAccounts/reddit-clone-tutorial-d01fd@appspot.gserviceaccount.com:testIamPermissions {"permissions":["iam.serviceAccounts.actAs"]}
[info] 
[info] === Deploying to 'reddit-clone-tutorial-d01fd'...
[info] 
[info] i  deploying functions 
[info] Running command: npm --prefix "$RESOURCE_DIR" run build
[info] ✔  functions: Finished running predeploy script. 
[debug] [2022-08-13T12:15:17.051Z] >>> [apiv2][query] GET https://firebase.googleapis.com/v1beta1/projects/reddit-clone-tutorial-d01fd [none]
[debug] [2022-08-13T12:15:17.490Z] <<< [apiv2][status] GET https://firebase.googleapis.com/v1beta1/projects/reddit-clone-tutorial-d01fd 200
[debug] [2022-08-13T12:15:17.491Z] <<< [apiv2][body] GET https://firebase.googleapis.com/v1beta1/projects/reddit-clone-tutorial-d01fd {"projectId":"reddit-clone-tutorial-d01fd","projectNumber":"207085595219","displayName":"reddit-clone-tutorial","name":"projects/reddit-clone-tutorial-d01fd","resources":{"hostingSite":"reddit-clone-tutorial-d01fd","storageBucket":"reddit-clone-tutorial-d01fd.appspot.com","locationId":"asia-northeast3"},"state":"ACTIVE","etag":"1_8ca58e38-7986-421a-ae51-297ec96a46a5"}
[info] i  functions: ensuring required API cloudfunctions.googleapis.com is enabled... 
[info] i  functions: ensuring required API cloudbuild.googleapis.com is enabled... 
[info] i  artifactregistry: ensuring required API artifactregistry.googleapis.com is enabled... 
[debug] [2022-08-13T12:15:17.495Z] >>> [apiv2][query] GET https://serviceusage.googleapis.com/v1/projects/reddit-clone-tutorial-d01fd/services/cloudfunctions.googleapis.com [none]
[debug] [2022-08-13T12:15:17.497Z] >>> [apiv2][query] GET https://serviceusage.googleapis.com/v1/projects/reddit-clone-tutorial-d01fd/services/runtimeconfig.googleapis.com [none]
[debug] [2022-08-13T12:15:17.499Z] >>> [apiv2][query] GET https://serviceusage.googleapis.com/v1/projects/reddit-clone-tutorial-d01fd/services/cloudbuild.googleapis.com [none]
[debug] [2022-08-13T12:15:17.500Z] >>> [apiv2][query] GET https://serviceusage.googleapis.com/v1/projects/reddit-clone-tutorial-d01fd/services/artifactregistry.googleapis.com [none]
[debug] [2022-08-13T12:15:18.825Z] <<< [apiv2][status] GET https://serviceusage.googleapis.com/v1/projects/reddit-clone-tutorial-d01fd/services/artifactregistry.googleapis.com 200
[debug] [2022-08-13T12:15:18.825Z] <<< [apiv2][body] GET https://serviceusage.googleapis.com/v1/projects/reddit-clone-tutorial-d01fd/services/artifactregistry.googleapis.com [omitted]
[warn] ⚠  artifactregistry: missing required API artifactregistry.googleapis.com. Enabling now... 
[debug] [2022-08-13T12:15:18.827Z] >>> [apiv2][query] POST https://serviceusage.googleapis.com/v1/projects/reddit-clone-tutorial-d01fd/services/artifactregistry.googleapis.com:enable [none]
[debug] [2022-08-13T12:15:18.831Z] <<< [apiv2][status] GET https://serviceusage.googleapis.com/v1/projects/reddit-clone-tutorial-d01fd/services/cloudbuild.googleapis.com 200
[debug] [2022-08-13T12:15:18.832Z] <<< [apiv2][body] GET https://serviceusage.googleapis.com/v1/projects/reddit-clone-tutorial-d01fd/services/cloudbuild.googleapis.com [omitted]
[warn] ⚠  functions: missing required API cloudbuild.googleapis.com. Enabling now... 
[debug] [2022-08-13T12:15:18.832Z] >>> [apiv2][query] POST https://serviceusage.googleapis.com/v1/projects/reddit-clone-tutorial-d01fd/services/cloudbuild.googleapis.com:enable [none]
[debug] [2022-08-13T12:15:18.841Z] <<< [apiv2][status] GET https://serviceusage.googleapis.com/v1/projects/reddit-clone-tutorial-d01fd/services/runtimeconfig.googleapis.com 200
[debug] [2022-08-13T12:15:18.841Z] <<< [apiv2][body] GET https://serviceusage.googleapis.com/v1/projects/reddit-clone-tutorial-d01fd/services/runtimeconfig.googleapis.com [omitted]
[debug] [2022-08-13T12:15:18.843Z] <<< [apiv2][status] GET https://serviceusage.googleapis.com/v1/projects/reddit-clone-tutorial-d01fd/services/cloudfunctions.googleapis.com 200
[debug] [2022-08-13T12:15:18.843Z] <<< [apiv2][body] GET https://serviceusage.googleapis.com/v1/projects/reddit-clone-tutorial-d01fd/services/cloudfunctions.googleapis.com [omitted]
[info] ✔  functions: required API cloudfunctions.googleapis.com is enabled 
[debug] [2022-08-13T12:15:20.359Z] <<< [apiv2][status] POST https://serviceusage.googleapis.com/v1/projects/reddit-clone-tutorial-d01fd/services/cloudbuild.googleapis.com:enable 200
[debug] [2022-08-13T12:15:20.359Z] <<< [apiv2][body] POST https://serviceusage.googleapis.com/v1/projects/reddit-clone-tutorial-d01fd/services/cloudbuild.googleapis.com:enable [omitted]
[debug] [2022-08-13T12:15:20.360Z] <<< [apiv2][status] POST https://serviceusage.googleapis.com/v1/projects/reddit-clone-tutorial-d01fd/services/artifactregistry.googleapis.com:enable 200
[debug] [2022-08-13T12:15:20.360Z] <<< [apiv2][body] POST https://serviceusage.googleapis.com/v1/projects/reddit-clone-tutorial-d01fd/services/artifactregistry.googleapis.com:enable [omitted]
[debug] [2022-08-13T12:15:30.363Z] >>> [apiv2][query] GET https://serviceusage.googleapis.com/v1/projects/reddit-clone-tutorial-d01fd/services/cloudbuild.googleapis.com [none]
[debug] [2022-08-13T12:15:30.367Z] >>> [apiv2][query] GET https://serviceusage.googleapis.com/v1/projects/reddit-clone-tutorial-d01fd/services/artifactregistry.googleapis.com [none]
[debug] [2022-08-13T12:15:31.545Z] <<< [apiv2][status] GET https://serviceusage.googleapis.com/v1/projects/reddit-clone-tutorial-d01fd/services/cloudbuild.googleapis.com 200
[debug] [2022-08-13T12:15:31.545Z] <<< [apiv2][body] GET https://serviceusage.googleapis.com/v1/projects/reddit-clone-tutorial-d01fd/services/cloudbuild.googleapis.com [omitted]
[info] ✔  functions: required API cloudbuild.googleapis.com is enabled 
[debug] [2022-08-13T12:15:31.567Z] <<< [apiv2][status] GET https://serviceusage.googleapis.com/v1/projects/reddit-clone-tutorial-d01fd/services/artifactregistry.googleapis.com 200
[debug] [2022-08-13T12:15:31.567Z] <<< [apiv2][body] GET https://serviceusage.googleapis.com/v1/projects/reddit-clone-tutorial-d01fd/services/artifactregistry.googleapis.com [omitted]
[info] ✔  artifactregistry: required API artifactregistry.googleapis.com is enabled 
[debug] [2022-08-13T12:15:31.570Z] >>> [apiv2][query] GET https://firebase.googleapis.com/v1beta1/projects/reddit-clone-tutorial-d01fd/adminSdkConfig [none]
[debug] [2022-08-13T12:15:31.942Z] <<< [apiv2][status] GET https://firebase.googleapis.com/v1beta1/projects/reddit-clone-tutorial-d01fd/adminSdkConfig 200
[debug] [2022-08-13T12:15:31.946Z] <<< [apiv2][body] GET https://firebase.googleapis.com/v1beta1/projects/reddit-clone-tutorial-d01fd/adminSdkConfig {"projectId":"reddit-clone-tutorial-d01fd","storageBucket":"reddit-clone-tutorial-d01fd.appspot.com","locationId":"asia-northeast3"}
[debug] [2022-08-13T12:15:31.947Z] >>> [apiv2][query] GET https://runtimeconfig.googleapis.com/v1beta1/projects/reddit-clone-tutorial-d01fd/configs [none]
[debug] [2022-08-13T12:15:32.551Z] <<< [apiv2][status] GET https://runtimeconfig.googleapis.com/v1beta1/projects/reddit-clone-tutorial-d01fd/configs 200
[debug] [2022-08-13T12:15:32.551Z] <<< [apiv2][body] GET https://runtimeconfig.googleapis.com/v1beta1/projects/reddit-clone-tutorial-d01fd/configs {}
[info] i  functions: preparing codebase default for deployment 
[debug] [2022-08-13T12:15:32.555Z] Validating nodejs source
[debug] [2022-08-13T12:15:33.458Z] > [functions] package.json contents: {
  "name": "functions",
  "scripts": {
    "build": "tsc",
    "build:watch": "tsc --watch",
    "serve": "npm run build && firebase emulators:start --only functions",
    "shell": "npm run build && firebase functions:shell",
    "start": "npm run shell",
    "deploy": "firebase deploy --only functions",
    "logs": "firebase functions:log"
  },
  "engines": {
    "node": "16"
  },
  "main": "lib/index.js",
  "dependencies": {
    "firebase-admin": "^10.2.0",
    "firebase-functions": "^3.21.0"
  },
  "devDependencies": {
    "typescript": "^4.6.4"
  },
  "private": true
}
[debug] [2022-08-13T12:15:33.459Z] Building nodejs source
[debug] [2022-08-13T12:15:33.459Z] Could not find functions.yaml. Must use http discovery
[debug] [2022-08-13T12:15:33.821Z] Serving at port 9005

[debug] [2022-08-13T12:15:33.881Z] Got response from /__/functions.yaml {"endpoints":{"createUserDocument":{"platform":"gcfv1","eventTrigger":{"eventType":"providers/firebase.auth/eventTypes/user.create","eventFilters":{"resource":"projects/reddit-clone-tutorial-d01fd"},"retry":false},"labels":{},"entryPoint":"createUserDocument"}},"specVersion":"v1alpha1","requiredAPIs":[]}
[debug] [2022-08-13T12:15:33.887Z] shutdown requested via /__/quitquitquit

[info] i  functions: preparing functions directory for uploading... 
[info] i  functions: packaged /Users/hongjun/Desktop/projects/reddit-clone/functions (56.41 KB) for uploading 
[debug] [2022-08-13T12:15:33.926Z] >>> [apiv2][query] GET https://cloudfunctions.googleapis.com/v1/projects/reddit-clone-tutorial-d01fd/locations/-/functions [none]
[debug] [2022-08-13T12:15:34.926Z] <<< [apiv2][status] GET https://cloudfunctions.googleapis.com/v1/projects/reddit-clone-tutorial-d01fd/locations/-/functions 200
[debug] [2022-08-13T12:15:34.926Z] <<< [apiv2][body] GET https://cloudfunctions.googleapis.com/v1/projects/reddit-clone-tutorial-d01fd/locations/-/functions {}
[debug] [2022-08-13T12:15:34.927Z] >>> [apiv2][query] GET https://cloudfunctions.googleapis.com/v2alpha/projects/reddit-clone-tutorial-d01fd/locations/-/functions [none]
[debug] [2022-08-13T12:15:36.401Z] <<< [apiv2][status] GET https://cloudfunctions.googleapis.com/v2alpha/projects/reddit-clone-tutorial-d01fd/locations/-/functions 200
[debug] [2022-08-13T12:15:36.401Z] <<< [apiv2][body] GET https://cloudfunctions.googleapis.com/v2alpha/projects/reddit-clone-tutorial-d01fd/locations/-/functions {}
[debug] [2022-08-13T12:15:36.414Z] >>> [apiv2][query] GET https://firebase.googleapis.com/v1beta1/projects/reddit-clone-tutorial-d01fd [none]
[debug] [2022-08-13T12:15:36.811Z] <<< [apiv2][status] GET https://firebase.googleapis.com/v1beta1/projects/reddit-clone-tutorial-d01fd 200
[debug] [2022-08-13T12:15:36.812Z] <<< [apiv2][body] GET https://firebase.googleapis.com/v1beta1/projects/reddit-clone-tutorial-d01fd {"projectId":"reddit-clone-tutorial-d01fd","projectNumber":"207085595219","displayName":"reddit-clone-tutorial","name":"projects/reddit-clone-tutorial-d01fd","resources":{"hostingSite":"reddit-clone-tutorial-d01fd","storageBucket":"reddit-clone-tutorial-d01fd.appspot.com","locationId":"asia-northeast3"},"state":"ACTIVE","etag":"1_f6d32ebc-d1ec-4628-b478-15842b33add9"}
[debug] [2022-08-13T12:15:36.814Z] >>> [apiv2][query] POST https://cloudfunctions.googleapis.com/v1/projects/reddit-clone-tutorial-d01fd/locations/us-central1/functions:generateUploadUrl [none]
[debug] [2022-08-13T12:15:36.815Z] >>> [apiv2][body] POST https://cloudfunctions.googleapis.com/v1/projects/reddit-clone-tutorial-d01fd/locations/us-central1/functions:generateUploadUrl {}
[debug] [2022-08-13T12:15:47.287Z] <<< [apiv2][status] POST https://cloudfunctions.googleapis.com/v1/projects/reddit-clone-tutorial-d01fd/locations/us-central1/functions:generateUploadUrl 200
[debug] [2022-08-13T12:15:47.288Z] <<< [apiv2][body] POST https://cloudfunctions.googleapis.com/v1/projects/reddit-clone-tutorial-d01fd/locations/us-central1/functions:generateUploadUrl {"uploadUrl":"https://storage.googleapis.com/uploads-68280621192.us-central1.cloudfunctions.appspot.com/541b5631-9480-4b4e-9404-83bb25889b80.zip?GoogleAccessId=service-207085595219@gcf-admin-robot.iam.gserviceaccount.com&Expires=1660394747&Signature=u%2BaI%2Fh%2Fj8tPwTJa1Lg9mlq9nt%2FdsCQFuY4F3izIIgscFuJuu%2FgcEb5WxJoMWrFxueegXhwZ6YU9ozOQwe63x%2F%2B50Hd5W4sDNVnwiENn0DGNWXXzgtcStDvUImTeFzpKE2vyJ%2B9XYz1D%2FbEAFx%2FFhVS%2B4pa8QxvvWBRo2msULyhUHb%2FbovbdW%2Fja%2FG5qN5%2FOWSa8ydVceZ3HFKWEjiF3%2FYNWYlQt9W8prq4laMljocilVkYZnPCMKPy8JqTsNZufjWJuM%2B3Ulzw%2FHwNPa24617qhmPAQS925z%2BA404CEmvRR02mKP31xP08LZHQDDM8kWWm%2BAd%2BHYuajhlDhzUJ3kRw%3D%3D"}
[debug] [2022-08-13T12:15:47.290Z] >>> [apiv2][query] PUT https://storage.googleapis.com/uploads-68280621192.us-central1.cloudfunctions.appspot.com/541b5631-9480-4b4e-9404-83bb25889b80.zip GoogleAccessId=service-207085595219%40gcf-admin-robot.iam.gserviceaccount.com&Expires=1660394747&Signature=u%2BaI%2Fh%2Fj8tPwTJa1Lg9mlq9nt%2FdsCQFuY4F3izIIgscFuJuu%2FgcEb5WxJoMWrFxueegXhwZ6YU9ozOQwe63x%2F%2B50Hd5W4sDNVnwiENn0DGNWXXzgtcStDvUImTeFzpKE2vyJ%2B9XYz1D%2FbEAFx%2FFhVS%2B4pa8QxvvWBRo2msULyhUHb%2FbovbdW%2Fja%2FG5qN5%2FOWSa8ydVceZ3HFKWEjiF3%2FYNWYlQt9W8prq4laMljocilVkYZnPCMKPy8JqTsNZufjWJuM%2B3Ulzw%2FHwNPa24617qhmPAQS925z%2BA404CEmvRR02mKP31xP08LZHQDDM8kWWm%2BAd%2BHYuajhlDhzUJ3kRw%3D%3D
[debug] [2022-08-13T12:15:47.291Z] >>> [apiv2][body] PUT https://storage.googleapis.com/uploads-68280621192.us-central1.cloudfunctions.appspot.com/541b5631-9480-4b4e-9404-83bb25889b80.zip [stream]
[debug] [2022-08-13T12:15:47.797Z] <<< [apiv2][status] PUT https://storage.googleapis.com/uploads-68280621192.us-central1.cloudfunctions.appspot.com/541b5631-9480-4b4e-9404-83bb25889b80.zip 200
[debug] [2022-08-13T12:15:47.798Z] <<< [apiv2][body] PUT https://storage.googleapis.com/uploads-68280621192.us-central1.cloudfunctions.appspot.com/541b5631-9480-4b4e-9404-83bb25889b80.zip [omitted]
[info] ✔  functions: functions folder uploaded successfully 
[info] i  functions: creating Node.js 16 function createUserDocument(us-central1)... 
[debug] [2022-08-13T12:15:47.807Z] >>> [apiv2][query] POST https://cloudfunctions.googleapis.com/v1/projects/reddit-clone-tutorial-d01fd/locations/us-central1/functions [none]
[debug] [2022-08-13T12:15:47.807Z] >>> [apiv2][body] POST https://cloudfunctions.googleapis.com/v1/projects/reddit-clone-tutorial-d01fd/locations/us-central1/functions {"name":"projects/reddit-clone-tutorial-d01fd/locations/us-central1/functions/createUserDocument","sourceUploadUrl":"https://storage.googleapis.com/uploads-68280621192.us-central1.cloudfunctions.appspot.com/541b5631-9480-4b4e-9404-83bb25889b80.zip?GoogleAccessId=service-207085595219@gcf-admin-robot.iam.gserviceaccount.com&Expires=1660394747&Signature=u%2BaI%2Fh%2Fj8tPwTJa1Lg9mlq9nt%2FdsCQFuY4F3izIIgscFuJuu%2FgcEb5WxJoMWrFxueegXhwZ6YU9ozOQwe63x%2F%2B50Hd5W4sDNVnwiENn0DGNWXXzgtcStDvUImTeFzpKE2vyJ%2B9XYz1D%2FbEAFx%2FFhVS%2B4pa8QxvvWBRo2msULyhUHb%2FbovbdW%2Fja%2FG5qN5%2FOWSa8ydVceZ3HFKWEjiF3%2FYNWYlQt9W8prq4laMljocilVkYZnPCMKPy8JqTsNZufjWJuM%2B3Ulzw%2FHwNPa24617qhmPAQS925z%2BA404CEmvRR02mKP31xP08LZHQDDM8kWWm%2BAd%2BHYuajhlDhzUJ3kRw%3D%3D","entryPoint":"createUserDocument","runtime":"nodejs16","dockerRegistry":"ARTIFACT_REGISTRY","labels":{"deployment-tool":"cli-firebase"},"eventTrigger":{"eventType":"providers/firebase.auth/eventTypes/user.create","resource":"projects/reddit-clone-tutorial-d01fd"},"environmentVariables":{"FIREBASE_CONFIG":"{\"projectId\":\"reddit-clone-tutorial-d01fd\",\"storageBucket\":\"reddit-clone-tutorial-d01fd.appspot.com\",\"locationId\":\"asia-northeast3\"}","GCLOUD_PROJECT":"reddit-clone-tutorial-d01fd"}}
[debug] [2022-08-13T12:15:48.615Z] <<< [apiv2][status] POST https://cloudfunctions.googleapis.com/v1/projects/reddit-clone-tutorial-d01fd/locations/us-central1/functions 403
[debug] [2022-08-13T12:15:48.616Z] <<< [apiv2][body] POST https://cloudfunctions.googleapis.com/v1/projects/reddit-clone-tutorial-d01fd/locations/us-central1/functions {"error":{"code":403,"message":"Unable to retrieve the repository metadata for projects/reddit-clone-tutorial-d01fd/locations/us-central1/repositories/gcf-artifacts. Ensure that the Cloud Functions service account has 'artifactregistry.repositories.list' and 'artifactregistry.repositories.get' permissions. You can add the permissions by granting the role 'roles/artifactregistry.reader'.","status":"PERMISSION_DENIED"}}
[warn] ⚠  functions: failed to create function projects/reddit-clone-tutorial-d01fd/locations/us-central1/functions/createUserDocument 
[error] Failed to create function projects/reddit-clone-tutorial-d01fd/locations/us-central1/functions/createUserDocument
[debug] [2022-08-13T12:15:48.627Z] Total Function Deployment time: 816
[debug] [2022-08-13T12:15:48.628Z] 1 Functions Deployed
[debug] [2022-08-13T12:15:48.628Z] 1 Functions Errored
[debug] [2022-08-13T12:15:48.628Z] 0 Function Deployments Aborted
[debug] [2022-08-13T12:15:48.628Z] Average Function Deployment time: 815
[info] 
[info] Functions deploy had errors with the following functions:
	createUserDocument(us-central1)
[info] i  functions: cleaning up build files... 
[debug] [2022-08-13T12:15:48.827Z] >>> [apiv2][query] DELETE https://artifactregistry.googleapis.com/v1beta2/projects/reddit-clone-tutorial-d01fd/locations/us-central1/repositories/gcf-artifacts/packages/create_user_document [none]
[debug] [2022-08-13T12:15:48.829Z] >>> [apiv2][query] GET https://us.gcr.io/v2/reddit-clone-tutorial-d01fd/gcf/us-central1/tags/list [none]
[debug] [2022-08-13T12:15:50.153Z] <<< [apiv2][status] DELETE https://artifactregistry.googleapis.com/v1beta2/projects/reddit-clone-tutorial-d01fd/locations/us-central1/repositories/gcf-artifacts/packages/create_user_document 404
[debug] [2022-08-13T12:15:50.153Z] <<< [apiv2][body] DELETE https://artifactregistry.googleapis.com/v1beta2/projects/reddit-clone-tutorial-d01fd/locations/us-central1/repositories/gcf-artifacts/packages/create_user_document {"error":{"code":404,"message":"Package \"projects/reddit-clone-tutorial-d01fd/locations/us-central1/repositories/gcf-artifacts/packages/create_user_document\" was not found.","status":"NOT_FOUND"}}
[debug] [2022-08-13T12:15:51.382Z] <<< [apiv2][status] GET https://us.gcr.io/v2/reddit-clone-tutorial-d01fd/gcf/us-central1/tags/list 200
[debug] [2022-08-13T12:15:51.383Z] <<< [apiv2][body] GET https://us.gcr.io/v2/reddit-clone-tutorial-d01fd/gcf/us-central1/tags/list {"child":[],"manifest":{},"name":"reddit-clone-tutorial-d01fd/gcf/us-central1","tags":[]}
[debug] [2022-08-13T12:15:51.383Z] Could not find image for function projects/reddit-clone-tutorial-d01fd/locations/us-central1/functions/createUserDocument
[debug] [2022-08-13T12:15:51.384Z] Functions deploy failed.
[debug] [2022-08-13T12:15:51.384Z] {
  "endpoint": {
    "id": "createUserDocument",
    "project": "reddit-clone-tutorial-d01fd",
    "region": "us-central1",
    "entryPoint": "createUserDocument",
    "platform": "gcfv1",
    "runtime": "nodejs16",
    "eventTrigger": {
      "eventType": "providers/firebase.auth/eventTypes/user.create",
      "retry": false,
      "eventFilters": {
        "resource": "projects/reddit-clone-tutorial-d01fd"
      }
    },
    "labels": {
      "deployment-tool": "cli-firebase"
    },
    "environmentVariables": {
      "FIREBASE_CONFIG": "{\"projectId\":\"reddit-clone-tutorial-d01fd\",\"storageBucket\":\"reddit-clone-tutorial-d01fd.appspot.com\",\"locationId\":\"asia-northeast3\"}",
      "GCLOUD_PROJECT": "reddit-clone-tutorial-d01fd"
    },
    "codebase": "default"
  },
  "op": "create",
  "original": {
    "name": "FirebaseError",
    "children": [],
    "context": {
      "function": "projects/reddit-clone-tutorial-d01fd/locations/us-central1/functions/createUserDocument"
    },
    "exit": 1,
    "message": "Failed to create function projects/reddit-clone-tutorial-d01fd/locations/us-central1/functions/createUserDocument",
    "original": {
      "name": "FirebaseError",
      "children": [],
      "context": {
        "body": {
          "error": {
            "code": 403,
            "message": "Unable to retrieve the repository metadata for projects/reddit-clone-tutorial-d01fd/locations/us-central1/repositories/gcf-artifacts. Ensure that the Cloud Functions service account has 'artifactregistry.repositories.list' and 'artifactregistry.repositories.get' permissions. You can add the permissions by granting the role 'roles/artifactregistry.reader'.",
            "status": "PERMISSION_DENIED"
          }
        },
        "response": {
          "statusCode": 403
        }
      },
      "exit": 1,
      "message": "HTTP Error: 403, Unable to retrieve the repository metadata for projects/reddit-clone-tutorial-d01fd/locations/us-central1/repositories/gcf-artifacts. Ensure that the Cloud Functions service account has 'artifactregistry.repositories.list' and 'artifactregistry.repositories.get' permissions. You can add the permissions by granting the role 'roles/artifactregistry.reader'.",
      "status": 403
    },
    "status": 500
  }
}
[debug] [2022-08-13T12:15:51.588Z] Error: Failed to create function createUserDocument in region us-central1
    at /Users/hongjun/.config/yarn/global/node_modules/firebase-tools/lib/deploy/functions/release/fabricator.js:41:11
    at runMicrotasks (<anonymous>)
    at processTicksAndRejections (node:internal/process/task_queues:96:5)
    at async Fabricator.createV1Function (/Users/hongjun/.config/yarn/global/node_modules/firebase-tools/lib/deploy/functions/release/fabricator.js:167:32)
    at async Fabricator.createEndpoint (/Users/hongjun/.config/yarn/global/node_modules/firebase-tools/lib/deploy/functions/release/fabricator.js:118:13)
    at async handle (/Users/hongjun/.config/yarn/global/node_modules/firebase-tools/lib/deploy/functions/release/fabricator.js:77:17)
[error] 
[error] Error: There was an error deploying functions
[debug] [2022-08-13T12:20:10.134Z] ----------------------------------------------------------------------
[debug] [2022-08-13T12:20:10.135Z] Command:       /usr/local/bin/node /usr/local/bin/firebase --debug deploy --only functions
[debug] [2022-08-13T12:20:10.136Z] CLI Version:   11.6.0
[debug] [2022-08-13T12:20:10.136Z] Platform:      darwin
[debug] [2022-08-13T12:20:10.136Z] Node Version:  v16.15.1
[debug] [2022-08-13T12:20:10.140Z] Time:          Sat Aug 13 2022 21:20:10 GMT+0900 (Japan Standard Time)
[debug] [2022-08-13T12:20:10.140Z] ----------------------------------------------------------------------
[debug] 
[debug] [2022-08-13T12:20:10.187Z] > command requires scopes: ["email","openid","https://www.googleapis.com/auth/cloudplatformprojects.readonly","https://www.googleapis.com/auth/firebase","https://www.googleapis.com/auth/cloud-platform"]
[debug] [2022-08-13T12:20:10.188Z] > authorizing via signed-in user (yimunj931@gmail.com)
[debug] [2022-08-13T12:20:10.188Z] [iam] checking project reddit-clone-tutorial-d01fd for permissions ["cloudfunctions.functions.create","cloudfunctions.functions.delete","cloudfunctions.functions.get","cloudfunctions.functions.list","cloudfunctions.functions.update","cloudfunctions.operations.get","firebase.projects.get"]
[debug] [2022-08-13T12:20:10.190Z] >>> [apiv2][query] POST https://cloudresourcemanager.googleapis.com/v1/projects/reddit-clone-tutorial-d01fd:testIamPermissions [none]
[debug] [2022-08-13T12:20:10.190Z] >>> [apiv2][(partial)header] POST https://cloudresourcemanager.googleapis.com/v1/projects/reddit-clone-tutorial-d01fd:testIamPermissions x-goog-quota-user=projects/reddit-clone-tutorial-d01fd
[debug] [2022-08-13T12:20:10.191Z] >>> [apiv2][body] POST https://cloudresourcemanager.googleapis.com/v1/projects/reddit-clone-tutorial-d01fd:testIamPermissions {"permissions":["cloudfunctions.functions.create","cloudfunctions.functions.delete","cloudfunctions.functions.get","cloudfunctions.functions.list","cloudfunctions.functions.update","cloudfunctions.operations.get","firebase.projects.get"]}
[debug] [2022-08-13T12:20:11.079Z] <<< [apiv2][status] POST https://cloudresourcemanager.googleapis.com/v1/projects/reddit-clone-tutorial-d01fd:testIamPermissions 200
[debug] [2022-08-13T12:20:11.080Z] <<< [apiv2][body] POST https://cloudresourcemanager.googleapis.com/v1/projects/reddit-clone-tutorial-d01fd:testIamPermissions {"permissions":["cloudfunctions.functions.create","cloudfunctions.functions.delete","cloudfunctions.functions.get","cloudfunctions.functions.list","cloudfunctions.functions.update","cloudfunctions.operations.get","firebase.projects.get"]}
[debug] [2022-08-13T12:20:11.081Z] >>> [apiv2][query] POST https://iam.googleapis.com/v1/projects/reddit-clone-tutorial-d01fd/serviceAccounts/reddit-clone-tutorial-d01fd@appspot.gserviceaccount.com:testIamPermissions [none]
[debug] [2022-08-13T12:20:11.081Z] >>> [apiv2][body] POST https://iam.googleapis.com/v1/projects/reddit-clone-tutorial-d01fd/serviceAccounts/reddit-clone-tutorial-d01fd@appspot.gserviceaccount.com:testIamPermissions {"permissions":["iam.serviceAccounts.actAs"]}
[debug] [2022-08-13T12:20:11.991Z] <<< [apiv2][status] POST https://iam.googleapis.com/v1/projects/reddit-clone-tutorial-d01fd/serviceAccounts/reddit-clone-tutorial-d01fd@appspot.gserviceaccount.com:testIamPermissions 200
[debug] [2022-08-13T12:20:11.992Z] <<< [apiv2][body] POST https://iam.googleapis.com/v1/projects/reddit-clone-tutorial-d01fd/serviceAccounts/reddit-clone-tutorial-d01fd@appspot.gserviceaccount.com:testIamPermissions {"permissions":["iam.serviceAccounts.actAs"]}
[info] 
[info] === Deploying to 'reddit-clone-tutorial-d01fd'...
[info] 
[info] i  deploying functions 
[info] Running command: npm --prefix "$RESOURCE_DIR" run build
[info] ✔  functions: Finished running predeploy script. 
[debug] [2022-08-13T12:20:16.395Z] >>> [apiv2][query] GET https://firebase.googleapis.com/v1beta1/projects/reddit-clone-tutorial-d01fd [none]
[debug] [2022-08-13T12:20:16.821Z] <<< [apiv2][status] GET https://firebase.googleapis.com/v1beta1/projects/reddit-clone-tutorial-d01fd 200
[debug] [2022-08-13T12:20:16.822Z] <<< [apiv2][body] GET https://firebase.googleapis.com/v1beta1/projects/reddit-clone-tutorial-d01fd {"projectId":"reddit-clone-tutorial-d01fd","projectNumber":"207085595219","displayName":"reddit-clone-tutorial","name":"projects/reddit-clone-tutorial-d01fd","resources":{"hostingSite":"reddit-clone-tutorial-d01fd","storageBucket":"reddit-clone-tutorial-d01fd.appspot.com","locationId":"asia-northeast3"},"state":"ACTIVE","etag":"1_f6d32ebc-d1ec-4628-b478-15842b33add9"}
[info] i  functions: ensuring required API cloudfunctions.googleapis.com is enabled... 
[info] i  functions: ensuring required API cloudbuild.googleapis.com is enabled... 
[info] i  artifactregistry: ensuring required API artifactregistry.googleapis.com is enabled... 
[debug] [2022-08-13T12:20:16.825Z] >>> [apiv2][query] GET https://serviceusage.googleapis.com/v1/projects/reddit-clone-tutorial-d01fd/services/cloudfunctions.googleapis.com [none]
[debug] [2022-08-13T12:20:16.827Z] >>> [apiv2][query] GET https://serviceusage.googleapis.com/v1/projects/reddit-clone-tutorial-d01fd/services/runtimeconfig.googleapis.com [none]
[debug] [2022-08-13T12:20:16.829Z] >>> [apiv2][query] GET https://serviceusage.googleapis.com/v1/projects/reddit-clone-tutorial-d01fd/services/cloudbuild.googleapis.com [none]
[debug] [2022-08-13T12:20:16.830Z] >>> [apiv2][query] GET https://serviceusage.googleapis.com/v1/projects/reddit-clone-tutorial-d01fd/services/artifactregistry.googleapis.com [none]
[debug] [2022-08-13T12:20:18.037Z] <<< [apiv2][status] GET https://serviceusage.googleapis.com/v1/projects/reddit-clone-tutorial-d01fd/services/runtimeconfig.googleapis.com 200
[debug] [2022-08-13T12:20:18.037Z] <<< [apiv2][body] GET https://serviceusage.googleapis.com/v1/projects/reddit-clone-tutorial-d01fd/services/runtimeconfig.googleapis.com [omitted]
[debug] [2022-08-13T12:20:18.039Z] <<< [apiv2][status] GET https://serviceusage.googleapis.com/v1/projects/reddit-clone-tutorial-d01fd/services/artifactregistry.googleapis.com 200
[debug] [2022-08-13T12:20:18.039Z] <<< [apiv2][body] GET https://serviceusage.googleapis.com/v1/projects/reddit-clone-tutorial-d01fd/services/artifactregistry.googleapis.com [omitted]
[info] ✔  artifactregistry: required API artifactregistry.googleapis.com is enabled 
[debug] [2022-08-13T12:20:18.041Z] <<< [apiv2][status] GET https://serviceusage.googleapis.com/v1/projects/reddit-clone-tutorial-d01fd/services/cloudbuild.googleapis.com 200
[debug] [2022-08-13T12:20:18.041Z] <<< [apiv2][body] GET https://serviceusage.googleapis.com/v1/projects/reddit-clone-tutorial-d01fd/services/cloudbuild.googleapis.com [omitted]
[info] ✔  functions: required API cloudbuild.googleapis.com is enabled 
[debug] [2022-08-13T12:20:18.042Z] <<< [apiv2][status] GET https://serviceusage.googleapis.com/v1/projects/reddit-clone-tutorial-d01fd/services/cloudfunctions.googleapis.com 200
[debug] [2022-08-13T12:20:18.042Z] <<< [apiv2][body] GET https://serviceusage.googleapis.com/v1/projects/reddit-clone-tutorial-d01fd/services/cloudfunctions.googleapis.com [omitted]
[info] ✔  functions: required API cloudfunctions.googleapis.com is enabled 
[debug] [2022-08-13T12:20:18.043Z] >>> [apiv2][query] GET https://firebase.googleapis.com/v1beta1/projects/reddit-clone-tutorial-d01fd/adminSdkConfig [none]
[debug] [2022-08-13T12:20:18.541Z] <<< [apiv2][status] GET https://firebase.googleapis.com/v1beta1/projects/reddit-clone-tutorial-d01fd/adminSdkConfig 200
[debug] [2022-08-13T12:20:18.543Z] <<< [apiv2][body] GET https://firebase.googleapis.com/v1beta1/projects/reddit-clone-tutorial-d01fd/adminSdkConfig {"projectId":"reddit-clone-tutorial-d01fd","storageBucket":"reddit-clone-tutorial-d01fd.appspot.com","locationId":"asia-northeast3"}
[debug] [2022-08-13T12:20:18.544Z] >>> [apiv2][query] GET https://runtimeconfig.googleapis.com/v1beta1/projects/reddit-clone-tutorial-d01fd/configs [none]
[debug] [2022-08-13T12:20:19.158Z] <<< [apiv2][status] GET https://runtimeconfig.googleapis.com/v1beta1/projects/reddit-clone-tutorial-d01fd/configs 200
[debug] [2022-08-13T12:20:19.159Z] <<< [apiv2][body] GET https://runtimeconfig.googleapis.com/v1beta1/projects/reddit-clone-tutorial-d01fd/configs {}
[info] i  functions: preparing codebase default for deployment 
[debug] [2022-08-13T12:20:19.162Z] Validating nodejs source
[debug] [2022-08-13T12:20:19.969Z] > [functions] package.json contents: {
  "name": "functions",
  "scripts": {
    "build": "tsc",
    "build:watch": "tsc --watch",
    "serve": "npm run build && firebase emulators:start --only functions",
    "shell": "npm run build && firebase functions:shell",
    "start": "npm run shell",
    "deploy": "firebase deploy --only functions",
    "logs": "firebase functions:log"
  },
  "engines": {
    "node": "16"
  },
  "main": "lib/index.js",
  "dependencies": {
    "firebase-admin": "^10.2.0",
    "firebase-functions": "^3.21.0"
  },
  "devDependencies": {
    "typescript": "^4.6.4"
  },
  "private": true
}
[debug] [2022-08-13T12:20:19.970Z] Building nodejs source
[debug] [2022-08-13T12:20:19.971Z] Could not find functions.yaml. Must use http discovery
[debug] [2022-08-13T12:20:20.110Z] Serving at port 9005

[debug] [2022-08-13T12:20:20.185Z] Got response from /__/functions.yaml {"endpoints":{"createUserDocument":{"platform":"gcfv1","eventTrigger":{"eventType":"providers/firebase.auth/eventTypes/user.create","eventFilters":{"resource":"projects/reddit-clone-tutorial-d01fd"},"retry":false},"labels":{},"entryPoint":"createUserDocument"}},"specVersion":"v1alpha1","requiredAPIs":[]}
[debug] [2022-08-13T12:20:20.192Z] shutdown requested via /__/quitquitquit

[info] i  functions: preparing functions directory for uploading... 
[info] i  functions: packaged /Users/hongjun/Desktop/projects/reddit-clone/functions (56.41 KB) for uploading 
[debug] [2022-08-13T12:20:20.245Z] >>> [apiv2][query] GET https://cloudfunctions.googleapis.com/v1/projects/reddit-clone-tutorial-d01fd/locations/-/functions [none]
[debug] [2022-08-13T12:20:20.931Z] <<< [apiv2][status] GET https://cloudfunctions.googleapis.com/v1/projects/reddit-clone-tutorial-d01fd/locations/-/functions 200
[debug] [2022-08-13T12:20:20.931Z] <<< [apiv2][body] GET https://cloudfunctions.googleapis.com/v1/projects/reddit-clone-tutorial-d01fd/locations/-/functions {}
[debug] [2022-08-13T12:20:20.932Z] >>> [apiv2][query] GET https://cloudfunctions.googleapis.com/v2alpha/projects/reddit-clone-tutorial-d01fd/locations/-/functions [none]
[debug] [2022-08-13T12:20:22.399Z] <<< [apiv2][status] GET https://cloudfunctions.googleapis.com/v2alpha/projects/reddit-clone-tutorial-d01fd/locations/-/functions 200
[debug] [2022-08-13T12:20:22.400Z] <<< [apiv2][body] GET https://cloudfunctions.googleapis.com/v2alpha/projects/reddit-clone-tutorial-d01fd/locations/-/functions {}
[debug] [2022-08-13T12:20:22.415Z] >>> [apiv2][query] GET https://firebase.googleapis.com/v1beta1/projects/reddit-clone-tutorial-d01fd [none]
[debug] [2022-08-13T12:20:23.009Z] <<< [apiv2][status] GET https://firebase.googleapis.com/v1beta1/projects/reddit-clone-tutorial-d01fd 200
[debug] [2022-08-13T12:20:23.010Z] <<< [apiv2][body] GET https://firebase.googleapis.com/v1beta1/projects/reddit-clone-tutorial-d01fd {"projectId":"reddit-clone-tutorial-d01fd","projectNumber":"207085595219","displayName":"reddit-clone-tutorial","name":"projects/reddit-clone-tutorial-d01fd","resources":{"hostingSite":"reddit-clone-tutorial-d01fd","storageBucket":"reddit-clone-tutorial-d01fd.appspot.com","locationId":"asia-northeast3"},"state":"ACTIVE","etag":"1_f6d32ebc-d1ec-4628-b478-15842b33add9"}
[debug] [2022-08-13T12:20:23.013Z] >>> [apiv2][query] POST https://cloudfunctions.googleapis.com/v1/projects/reddit-clone-tutorial-d01fd/locations/us-central1/functions:generateUploadUrl [none]
[debug] [2022-08-13T12:20:23.013Z] >>> [apiv2][body] POST https://cloudfunctions.googleapis.com/v1/projects/reddit-clone-tutorial-d01fd/locations/us-central1/functions:generateUploadUrl {}
[debug] [2022-08-13T12:20:24.232Z] <<< [apiv2][status] POST https://cloudfunctions.googleapis.com/v1/projects/reddit-clone-tutorial-d01fd/locations/us-central1/functions:generateUploadUrl 200
[debug] [2022-08-13T12:20:24.232Z] <<< [apiv2][body] POST https://cloudfunctions.googleapis.com/v1/projects/reddit-clone-tutorial-d01fd/locations/us-central1/functions:generateUploadUrl {"uploadUrl":"https://storage.googleapis.com/uploads-68280621192.us-central1.cloudfunctions.appspot.com/db6aa39f-054b-4749-aafe-7ded2394e418.zip?GoogleAccessId=service-207085595219@gcf-admin-robot.iam.gserviceaccount.com&Expires=1660395023&Signature=IalsP2qW3mM3luomgNnVuZQcL4uuDq3CUZhUSIXUx%2BlgaQgdcjU5pzrVjSAg%2BiRCkXzRfIARMfEfldFIvjVBKdXgmtCLtdKtvGdLE7AIhVVikoKl%2BFw6%2BrXeL1cCWVLv2YZPdiJbeMSn1befQLm6dw6L9Dpjaq3da%2FeesBvcP1XXl%2FScexNVBIp3mUrO3Ove1v8YlALOS%2Bz7PJ%2Foe3pJ%2BZRJwHyEy2tXOKxiJbguKHVswa%2Bz0fsgZvtvcjoB5H9p%2Bok7w97VY1y8CuWaTJYuWpk6Qt29PgJc2PjyZMwhiMWvK32Smmp74X5STJHnglEQis9UlDx57Rq6E3qggEwIhQ%3D%3D"}
[debug] [2022-08-13T12:20:24.235Z] >>> [apiv2][query] PUT https://storage.googleapis.com/uploads-68280621192.us-central1.cloudfunctions.appspot.com/db6aa39f-054b-4749-aafe-7ded2394e418.zip GoogleAccessId=service-207085595219%40gcf-admin-robot.iam.gserviceaccount.com&Expires=1660395023&Signature=IalsP2qW3mM3luomgNnVuZQcL4uuDq3CUZhUSIXUx%2BlgaQgdcjU5pzrVjSAg%2BiRCkXzRfIARMfEfldFIvjVBKdXgmtCLtdKtvGdLE7AIhVVikoKl%2BFw6%2BrXeL1cCWVLv2YZPdiJbeMSn1befQLm6dw6L9Dpjaq3da%2FeesBvcP1XXl%2FScexNVBIp3mUrO3Ove1v8YlALOS%2Bz7PJ%2Foe3pJ%2BZRJwHyEy2tXOKxiJbguKHVswa%2Bz0fsgZvtvcjoB5H9p%2Bok7w97VY1y8CuWaTJYuWpk6Qt29PgJc2PjyZMwhiMWvK32Smmp74X5STJHnglEQis9UlDx57Rq6E3qggEwIhQ%3D%3D
[debug] [2022-08-13T12:20:24.236Z] >>> [apiv2][body] PUT https://storage.googleapis.com/uploads-68280621192.us-central1.cloudfunctions.appspot.com/db6aa39f-054b-4749-aafe-7ded2394e418.zip [stream]
[debug] [2022-08-13T12:20:24.971Z] <<< [apiv2][status] PUT https://storage.googleapis.com/uploads-68280621192.us-central1.cloudfunctions.appspot.com/db6aa39f-054b-4749-aafe-7ded2394e418.zip 200
[debug] [2022-08-13T12:20:24.971Z] <<< [apiv2][body] PUT https://storage.googleapis.com/uploads-68280621192.us-central1.cloudfunctions.appspot.com/db6aa39f-054b-4749-aafe-7ded2394e418.zip [omitted]
[info] ✔  functions: functions folder uploaded successfully 
[info] i  functions: creating Node.js 16 function createUserDocument(us-central1)... 
[debug] [2022-08-13T12:20:24.978Z] >>> [apiv2][query] POST https://cloudfunctions.googleapis.com/v1/projects/reddit-clone-tutorial-d01fd/locations/us-central1/functions [none]
[debug] [2022-08-13T12:20:24.978Z] >>> [apiv2][body] POST https://cloudfunctions.googleapis.com/v1/projects/reddit-clone-tutorial-d01fd/locations/us-central1/functions {"name":"projects/reddit-clone-tutorial-d01fd/locations/us-central1/functions/createUserDocument","sourceUploadUrl":"https://storage.googleapis.com/uploads-68280621192.us-central1.cloudfunctions.appspot.com/db6aa39f-054b-4749-aafe-7ded2394e418.zip?GoogleAccessId=service-207085595219@gcf-admin-robot.iam.gserviceaccount.com&Expires=1660395023&Signature=IalsP2qW3mM3luomgNnVuZQcL4uuDq3CUZhUSIXUx%2BlgaQgdcjU5pzrVjSAg%2BiRCkXzRfIARMfEfldFIvjVBKdXgmtCLtdKtvGdLE7AIhVVikoKl%2BFw6%2BrXeL1cCWVLv2YZPdiJbeMSn1befQLm6dw6L9Dpjaq3da%2FeesBvcP1XXl%2FScexNVBIp3mUrO3Ove1v8YlALOS%2Bz7PJ%2Foe3pJ%2BZRJwHyEy2tXOKxiJbguKHVswa%2Bz0fsgZvtvcjoB5H9p%2Bok7w97VY1y8CuWaTJYuWpk6Qt29PgJc2PjyZMwhiMWvK32Smmp74X5STJHnglEQis9UlDx57Rq6E3qggEwIhQ%3D%3D","entryPoint":"createUserDocument","runtime":"nodejs16","dockerRegistry":"ARTIFACT_REGISTRY","labels":{"deployment-tool":"cli-firebase"},"eventTrigger":{"eventType":"providers/firebase.auth/eventTypes/user.create","resource":"projects/reddit-clone-tutorial-d01fd"},"environmentVariables":{"FIREBASE_CONFIG":"{\"projectId\":\"reddit-clone-tutorial-d01fd\",\"storageBucket\":\"reddit-clone-tutorial-d01fd.appspot.com\",\"locationId\":\"asia-northeast3\"}","GCLOUD_PROJECT":"reddit-clone-tutorial-d01fd"}}
[debug] [2022-08-13T12:20:26.062Z] <<< [apiv2][status] POST https://cloudfunctions.googleapis.com/v1/projects/reddit-clone-tutorial-d01fd/locations/us-central1/functions 200
[debug] [2022-08-13T12:20:26.063Z] <<< [apiv2][body] POST https://cloudfunctions.googleapis.com/v1/projects/reddit-clone-tutorial-d01fd/locations/us-central1/functions {"name":"operations/cmVkZGl0LWNsb25lLXR1dG9yaWFsLWQwMWZkL3VzLWNlbnRyYWwxL2NyZWF0ZVVzZXJEb2N1bWVudC9VUHNYRGZ6SHZMRQ","metadata":{"@type":"type.googleapis.com/google.cloud.functions.v1.OperationMetadataV1","target":"projects/reddit-clone-tutorial-d01fd/locations/us-central1/functions/createUserDocument","type":"CREATE_FUNCTION","request":{"@type":"type.googleapis.com/google.cloud.functions.v1.CloudFunction","name":"projects/reddit-clone-tutorial-d01fd/locations/us-central1/functions/createUserDocument","eventTrigger":{"eventType":"providers/firebase.auth/eventTypes/user.create","resource":"projects/reddit-clone-tutorial-d01fd"},"entryPoint":"createUserDocument","labels":{"deployment-tool":"cli-firebase"},"sourceUploadUrl":"https://storage.googleapis.com/uploads-68280621192.us-central1.cloudfunctions.appspot.com/db6aa39f-054b-4749-aafe-7ded2394e418.zip?GoogleAccessId=service-207085595219@gcf-admin-robot.iam.gserviceaccount.com&Expires=1660395023&Signature=IalsP2qW3mM3luomgNnVuZQcL4uuDq3CUZhUSIXUx%2BlgaQgdcjU5pzrVjSAg%2BiRCkXzRfIARMfEfldFIvjVBKdXgmtCLtdKtvGdLE7AIhVVikoKl%2BFw6%2BrXeL1cCWVLv2YZPdiJbeMSn1befQLm6dw6L9Dpjaq3da%2FeesBvcP1XXl%2FScexNVBIp3mUrO3Ove1v8YlALOS%2Bz7PJ%2Foe3pJ%2BZRJwHyEy2tXOKxiJbguKHVswa%2Bz0fsgZvtvcjoB5H9p%2Bok7w97VY1y8CuWaTJYuWpk6Qt29PgJc2PjyZMwhiMWvK32Smmp74X5STJHnglEQis9UlDx57Rq6E3qggEwIhQ%3D%3D","environmentVariables":{"FIREBASE_CONFIG":"{\"projectId\":\"reddit-clone-tutorial-d01fd\",\"storageBucket\":\"reddit-clone-tutorial-d01fd.appspot.com\",\"locationId\":\"asia-northeast3\"}","GCLOUD_PROJECT":"reddit-clone-tutorial-d01fd"},"runtime":"nodejs16","dockerRegistry":"ARTIFACT_REGISTRY"},"versionId":"1","updateTime":"2022-08-13T12:20:25Z"}}
[debug] [2022-08-13T12:20:26.064Z] >>> [apiv2][query] GET https://cloudfunctions.googleapis.com/v1/operations/cmVkZGl0LWNsb25lLXR1dG9yaWFsLWQwMWZkL3VzLWNlbnRyYWwxL2NyZWF0ZVVzZXJEb2N1bWVudC9VUHNYRGZ6SHZMRQ [none]
[debug] [2022-08-13T12:20:27.551Z] <<< [apiv2][status] GET https://cloudfunctions.googleapis.com/v1/operations/cmVkZGl0LWNsb25lLXR1dG9yaWFsLWQwMWZkL3VzLWNlbnRyYWwxL2NyZWF0ZVVzZXJEb2N1bWVudC9VUHNYRGZ6SHZMRQ 200
[debug] [2022-08-13T12:20:27.551Z] <<< [apiv2][body] GET https://cloudfunctions.googleapis.com/v1/operations/cmVkZGl0LWNsb25lLXR1dG9yaWFsLWQwMWZkL3VzLWNlbnRyYWwxL2NyZWF0ZVVzZXJEb2N1bWVudC9VUHNYRGZ6SHZMRQ {"name":"operations/cmVkZGl0LWNsb25lLXR1dG9yaWFsLWQwMWZkL3VzLWNlbnRyYWwxL2NyZWF0ZVVzZXJEb2N1bWVudC9VUHNYRGZ6SHZMRQ","metadata":{"@type":"type.googleapis.com/google.cloud.functions.v1.OperationMetadataV1","target":"projects/reddit-clone-tutorial-d01fd/locations/us-central1/functions/createUserDocument","type":"CREATE_FUNCTION","request":{"@type":"type.googleapis.com/google.cloud.functions.v1.CloudFunction","name":"projects/reddit-clone-tutorial-d01fd/locations/us-central1/functions/createUserDocument","eventTrigger":{"eventType":"providers/firebase.auth/eventTypes/user.create","resource":"projects/reddit-clone-tutorial-d01fd"},"entryPoint":"createUserDocument","labels":{"deployment-tool":"cli-firebase"},"sourceUploadUrl":"https://storage.googleapis.com/uploads-68280621192.us-central1.cloudfunctions.appspot.com/db6aa39f-054b-4749-aafe-7ded2394e418.zip?GoogleAccessId=service-207085595219@gcf-admin-robot.iam.gserviceaccount.com&Expires=1660395023&Signature=IalsP2qW3mM3luomgNnVuZQcL4uuDq3CUZhUSIXUx%2BlgaQgdcjU5pzrVjSAg%2BiRCkXzRfIARMfEfldFIvjVBKdXgmtCLtdKtvGdLE7AIhVVikoKl%2BFw6%2BrXeL1cCWVLv2YZPdiJbeMSn1befQLm6dw6L9Dpjaq3da%2FeesBvcP1XXl%2FScexNVBIp3mUrO3Ove1v8YlALOS%2Bz7PJ%2Foe3pJ%2BZRJwHyEy2tXOKxiJbguKHVswa%2Bz0fsgZvtvcjoB5H9p%2Bok7w97VY1y8CuWaTJYuWpk6Qt29PgJc2PjyZMwhiMWvK32Smmp74X5STJHnglEQis9UlDx57Rq6E3qggEwIhQ%3D%3D","environmentVariables":{"FIREBASE_CONFIG":"{\"projectId\":\"reddit-clone-tutorial-d01fd\",\"storageBucket\":\"reddit-clone-tutorial-d01fd.appspot.com\",\"locationId\":\"asia-northeast3\"}","GCLOUD_PROJECT":"reddit-clone-tutorial-d01fd"},"runtime":"nodejs16","dockerRegistry":"ARTIFACT_REGISTRY"},"versionId":"1","updateTime":"2022-08-13T12:20:25Z"}}
[debug] [2022-08-13T12:20:28.053Z] [create-default-us-central1-createUserDocument] Retrying task index 0
[debug] [2022-08-13T12:20:28.054Z] >>> [apiv2][query] GET https://cloudfunctions.googleapis.com/v1/operations/cmVkZGl0LWNsb25lLXR1dG9yaWFsLWQwMWZkL3VzLWNlbnRyYWwxL2NyZWF0ZVVzZXJEb2N1bWVudC9VUHNYRGZ6SHZMRQ [none]
[debug] [2022-08-13T12:20:28.578Z] <<< [apiv2][status] GET https://cloudfunctions.googleapis.com/v1/operations/cmVkZGl0LWNsb25lLXR1dG9yaWFsLWQwMWZkL3VzLWNlbnRyYWwxL2NyZWF0ZVVzZXJEb2N1bWVudC9VUHNYRGZ6SHZMRQ 200
[debug] [2022-08-13T12:20:28.578Z] <<< [apiv2][body] GET https://cloudfunctions.googleapis.com/v1/operations/cmVkZGl0LWNsb25lLXR1dG9yaWFsLWQwMWZkL3VzLWNlbnRyYWwxL2NyZWF0ZVVzZXJEb2N1bWVudC9VUHNYRGZ6SHZMRQ {"name":"operations/cmVkZGl0LWNsb25lLXR1dG9yaWFsLWQwMWZkL3VzLWNlbnRyYWwxL2NyZWF0ZVVzZXJEb2N1bWVudC9VUHNYRGZ6SHZMRQ","metadata":{"@type":"type.googleapis.com/google.cloud.functions.v1.OperationMetadataV1","target":"projects/reddit-clone-tutorial-d01fd/locations/us-central1/functions/createUserDocument","type":"CREATE_FUNCTION","request":{"@type":"type.googleapis.com/google.cloud.functions.v1.CloudFunction","name":"projects/reddit-clone-tutorial-d01fd/locations/us-central1/functions/createUserDocument","eventTrigger":{"eventType":"providers/firebase.auth/eventTypes/user.create","resource":"projects/reddit-clone-tutorial-d01fd"},"entryPoint":"createUserDocument","labels":{"deployment-tool":"cli-firebase"},"sourceUploadUrl":"https://storage.googleapis.com/uploads-68280621192.us-central1.cloudfunctions.appspot.com/db6aa39f-054b-4749-aafe-7ded2394e418.zip?GoogleAccessId=service-207085595219@gcf-admin-robot.iam.gserviceaccount.com&Expires=1660395023&Signature=IalsP2qW3mM3luomgNnVuZQcL4uuDq3CUZhUSIXUx%2BlgaQgdcjU5pzrVjSAg%2BiRCkXzRfIARMfEfldFIvjVBKdXgmtCLtdKtvGdLE7AIhVVikoKl%2BFw6%2BrXeL1cCWVLv2YZPdiJbeMSn1befQLm6dw6L9Dpjaq3da%2FeesBvcP1XXl%2FScexNVBIp3mUrO3Ove1v8YlALOS%2Bz7PJ%2Foe3pJ%2BZRJwHyEy2tXOKxiJbguKHVswa%2Bz0fsgZvtvcjoB5H9p%2Bok7w97VY1y8CuWaTJYuWpk6Qt29PgJc2PjyZMwhiMWvK32Smmp74X5STJHnglEQis9UlDx57Rq6E3qggEwIhQ%3D%3D","environmentVariables":{"FIREBASE_CONFIG":"{\"projectId\":\"reddit-clone-tutorial-d01fd\",\"storageBucket\":\"reddit-clone-tutorial-d01fd.appspot.com\",\"locationId\":\"asia-northeast3\"}","GCLOUD_PROJECT":"reddit-clone-tutorial-d01fd"},"runtime":"nodejs16","dockerRegistry":"ARTIFACT_REGISTRY"},"versionId":"1","updateTime":"2022-08-13T12:20:25Z"}}
[debug] [2022-08-13T12:20:29.580Z] [create-default-us-central1-createUserDocument] Retrying task index 0
[debug] [2022-08-13T12:20:29.581Z] >>> [apiv2][query] GET https://cloudfunctions.googleapis.com/v1/operations/cmVkZGl0LWNsb25lLXR1dG9yaWFsLWQwMWZkL3VzLWNlbnRyYWwxL2NyZWF0ZVVzZXJEb2N1bWVudC9VUHNYRGZ6SHZMRQ [none]
[debug] [2022-08-13T12:20:30.112Z] <<< [apiv2][status] GET https://cloudfunctions.googleapis.com/v1/operations/cmVkZGl0LWNsb25lLXR1dG9yaWFsLWQwMWZkL3VzLWNlbnRyYWwxL2NyZWF0ZVVzZXJEb2N1bWVudC9VUHNYRGZ6SHZMRQ 200
[debug] [2022-08-13T12:20:30.112Z] <<< [apiv2][body] GET https://cloudfunctions.googleapis.com/v1/operations/cmVkZGl0LWNsb25lLXR1dG9yaWFsLWQwMWZkL3VzLWNlbnRyYWwxL2NyZWF0ZVVzZXJEb2N1bWVudC9VUHNYRGZ6SHZMRQ {"name":"operations/cmVkZGl0LWNsb25lLXR1dG9yaWFsLWQwMWZkL3VzLWNlbnRyYWwxL2NyZWF0ZVVzZXJEb2N1bWVudC9VUHNYRGZ6SHZMRQ","metadata":{"@type":"type.googleapis.com/google.cloud.functions.v1.OperationMetadataV1","target":"projects/reddit-clone-tutorial-d01fd/locations/us-central1/functions/createUserDocument","type":"CREATE_FUNCTION","request":{"@type":"type.googleapis.com/google.cloud.functions.v1.CloudFunction","name":"projects/reddit-clone-tutorial-d01fd/locations/us-central1/functions/createUserDocument","eventTrigger":{"eventType":"providers/firebase.auth/eventTypes/user.create","resource":"projects/reddit-clone-tutorial-d01fd"},"entryPoint":"createUserDocument","labels":{"deployment-tool":"cli-firebase"},"sourceUploadUrl":"https://storage.googleapis.com/uploads-68280621192.us-central1.cloudfunctions.appspot.com/db6aa39f-054b-4749-aafe-7ded2394e418.zip?GoogleAccessId=service-207085595219@gcf-admin-robot.iam.gserviceaccount.com&Expires=1660395023&Signature=IalsP2qW3mM3luomgNnVuZQcL4uuDq3CUZhUSIXUx%2BlgaQgdcjU5pzrVjSAg%2BiRCkXzRfIARMfEfldFIvjVBKdXgmtCLtdKtvGdLE7AIhVVikoKl%2BFw6%2BrXeL1cCWVLv2YZPdiJbeMSn1befQLm6dw6L9Dpjaq3da%2FeesBvcP1XXl%2FScexNVBIp3mUrO3Ove1v8YlALOS%2Bz7PJ%2Foe3pJ%2BZRJwHyEy2tXOKxiJbguKHVswa%2Bz0fsgZvtvcjoB5H9p%2Bok7w97VY1y8CuWaTJYuWpk6Qt29PgJc2PjyZMwhiMWvK32Smmp74X5STJHnglEQis9UlDx57Rq6E3qggEwIhQ%3D%3D","environmentVariables":{"FIREBASE_CONFIG":"{\"projectId\":\"reddit-clone-tutorial-d01fd\",\"storageBucket\":\"reddit-clone-tutorial-d01fd.appspot.com\",\"locationId\":\"asia-northeast3\"}","GCLOUD_PROJECT":"reddit-clone-tutorial-d01fd"},"runtime":"nodejs16","dockerRegistry":"ARTIFACT_REGISTRY"},"versionId":"1","updateTime":"2022-08-13T12:20:25Z"}}
[debug] [2022-08-13T12:20:32.113Z] [create-default-us-central1-createUserDocument] Retrying task index 0
[debug] [2022-08-13T12:20:32.114Z] >>> [apiv2][query] GET https://cloudfunctions.googleapis.com/v1/operations/cmVkZGl0LWNsb25lLXR1dG9yaWFsLWQwMWZkL3VzLWNlbnRyYWwxL2NyZWF0ZVVzZXJEb2N1bWVudC9VUHNYRGZ6SHZMRQ [none]
[debug] [2022-08-13T12:20:32.778Z] <<< [apiv2][status] GET https://cloudfunctions.googleapis.com/v1/operations/cmVkZGl0LWNsb25lLXR1dG9yaWFsLWQwMWZkL3VzLWNlbnRyYWwxL2NyZWF0ZVVzZXJEb2N1bWVudC9VUHNYRGZ6SHZMRQ 200
[debug] [2022-08-13T12:20:32.778Z] <<< [apiv2][body] GET https://cloudfunctions.googleapis.com/v1/operations/cmVkZGl0LWNsb25lLXR1dG9yaWFsLWQwMWZkL3VzLWNlbnRyYWwxL2NyZWF0ZVVzZXJEb2N1bWVudC9VUHNYRGZ6SHZMRQ {"name":"operations/cmVkZGl0LWNsb25lLXR1dG9yaWFsLWQwMWZkL3VzLWNlbnRyYWwxL2NyZWF0ZVVzZXJEb2N1bWVudC9VUHNYRGZ6SHZMRQ","metadata":{"@type":"type.googleapis.com/google.cloud.functions.v1.OperationMetadataV1","target":"projects/reddit-clone-tutorial-d01fd/locations/us-central1/functions/createUserDocument","type":"CREATE_FUNCTION","request":{"@type":"type.googleapis.com/google.cloud.functions.v1.CloudFunction","name":"projects/reddit-clone-tutorial-d01fd/locations/us-central1/functions/createUserDocument","eventTrigger":{"eventType":"providers/firebase.auth/eventTypes/user.create","resource":"projects/reddit-clone-tutorial-d01fd"},"entryPoint":"createUserDocument","labels":{"deployment-tool":"cli-firebase"},"sourceUploadUrl":"https://storage.googleapis.com/uploads-68280621192.us-central1.cloudfunctions.appspot.com/db6aa39f-054b-4749-aafe-7ded2394e418.zip?GoogleAccessId=service-207085595219@gcf-admin-robot.iam.gserviceaccount.com&Expires=1660395023&Signature=IalsP2qW3mM3luomgNnVuZQcL4uuDq3CUZhUSIXUx%2BlgaQgdcjU5pzrVjSAg%2BiRCkXzRfIARMfEfldFIvjVBKdXgmtCLtdKtvGdLE7AIhVVikoKl%2BFw6%2BrXeL1cCWVLv2YZPdiJbeMSn1befQLm6dw6L9Dpjaq3da%2FeesBvcP1XXl%2FScexNVBIp3mUrO3Ove1v8YlALOS%2Bz7PJ%2Foe3pJ%2BZRJwHyEy2tXOKxiJbguKHVswa%2Bz0fsgZvtvcjoB5H9p%2Bok7w97VY1y8CuWaTJYuWpk6Qt29PgJc2PjyZMwhiMWvK32Smmp74X5STJHnglEQis9UlDx57Rq6E3qggEwIhQ%3D%3D","environmentVariables":{"FIREBASE_CONFIG":"{\"projectId\":\"reddit-clone-tutorial-d01fd\",\"storageBucket\":\"reddit-clone-tutorial-d01fd.appspot.com\",\"locationId\":\"asia-northeast3\"}","GCLOUD_PROJECT":"reddit-clone-tutorial-d01fd"},"runtime":"nodejs16","dockerRegistry":"ARTIFACT_REGISTRY"},"versionId":"1","updateTime":"2022-08-13T12:20:25Z"}}
[debug] [2022-08-13T12:20:36.780Z] [create-default-us-central1-createUserDocument] Retrying task index 0
[debug] [2022-08-13T12:20:36.780Z] >>> [apiv2][query] GET https://cloudfunctions.googleapis.com/v1/operations/cmVkZGl0LWNsb25lLXR1dG9yaWFsLWQwMWZkL3VzLWNlbnRyYWwxL2NyZWF0ZVVzZXJEb2N1bWVudC9VUHNYRGZ6SHZMRQ [none]
[debug] [2022-08-13T12:20:37.422Z] <<< [apiv2][status] GET https://cloudfunctions.googleapis.com/v1/operations/cmVkZGl0LWNsb25lLXR1dG9yaWFsLWQwMWZkL3VzLWNlbnRyYWwxL2NyZWF0ZVVzZXJEb2N1bWVudC9VUHNYRGZ6SHZMRQ 200
[debug] [2022-08-13T12:20:37.422Z] <<< [apiv2][body] GET https://cloudfunctions.googleapis.com/v1/operations/cmVkZGl0LWNsb25lLXR1dG9yaWFsLWQwMWZkL3VzLWNlbnRyYWwxL2NyZWF0ZVVzZXJEb2N1bWVudC9VUHNYRGZ6SHZMRQ {"name":"operations/cmVkZGl0LWNsb25lLXR1dG9yaWFsLWQwMWZkL3VzLWNlbnRyYWwxL2NyZWF0ZVVzZXJEb2N1bWVudC9VUHNYRGZ6SHZMRQ","metadata":{"@type":"type.googleapis.com/google.cloud.functions.v1.OperationMetadataV1","target":"projects/reddit-clone-tutorial-d01fd/locations/us-central1/functions/createUserDocument","type":"CREATE_FUNCTION","request":{"@type":"type.googleapis.com/google.cloud.functions.v1.CloudFunction","name":"projects/reddit-clone-tutorial-d01fd/locations/us-central1/functions/createUserDocument","eventTrigger":{"eventType":"providers/firebase.auth/eventTypes/user.create","resource":"projects/reddit-clone-tutorial-d01fd"},"entryPoint":"createUserDocument","labels":{"deployment-tool":"cli-firebase"},"sourceUploadUrl":"https://storage.googleapis.com/uploads-68280621192.us-central1.cloudfunctions.appspot.com/db6aa39f-054b-4749-aafe-7ded2394e418.zip?GoogleAccessId=service-207085595219@gcf-admin-robot.iam.gserviceaccount.com&Expires=1660395023&Signature=IalsP2qW3mM3luomgNnVuZQcL4uuDq3CUZhUSIXUx%2BlgaQgdcjU5pzrVjSAg%2BiRCkXzRfIARMfEfldFIvjVBKdXgmtCLtdKtvGdLE7AIhVVikoKl%2BFw6%2BrXeL1cCWVLv2YZPdiJbeMSn1befQLm6dw6L9Dpjaq3da%2FeesBvcP1XXl%2FScexNVBIp3mUrO3Ove1v8YlALOS%2Bz7PJ%2Foe3pJ%2BZRJwHyEy2tXOKxiJbguKHVswa%2Bz0fsgZvtvcjoB5H9p%2Bok7w97VY1y8CuWaTJYuWpk6Qt29PgJc2PjyZMwhiMWvK32Smmp74X5STJHnglEQis9UlDx57Rq6E3qggEwIhQ%3D%3D","environmentVariables":{"FIREBASE_CONFIG":"{\"projectId\":\"reddit-clone-tutorial-d01fd\",\"storageBucket\":\"reddit-clone-tutorial-d01fd.appspot.com\",\"locationId\":\"asia-northeast3\"}","GCLOUD_PROJECT":"reddit-clone-tutorial-d01fd"},"runtime":"nodejs16","dockerRegistry":"ARTIFACT_REGISTRY"},"versionId":"1","updateTime":"2022-08-13T12:20:25Z"}}
[debug] [2022-08-13T12:20:45.424Z] [create-default-us-central1-createUserDocument] Retrying task index 0
[debug] [2022-08-13T12:20:45.425Z] >>> [apiv2][query] GET https://cloudfunctions.googleapis.com/v1/operations/cmVkZGl0LWNsb25lLXR1dG9yaWFsLWQwMWZkL3VzLWNlbnRyYWwxL2NyZWF0ZVVzZXJEb2N1bWVudC9VUHNYRGZ6SHZMRQ [none]
[debug] [2022-08-13T12:20:46.088Z] <<< [apiv2][status] GET https://cloudfunctions.googleapis.com/v1/operations/cmVkZGl0LWNsb25lLXR1dG9yaWFsLWQwMWZkL3VzLWNlbnRyYWwxL2NyZWF0ZVVzZXJEb2N1bWVudC9VUHNYRGZ6SHZMRQ 200
[debug] [2022-08-13T12:20:46.089Z] <<< [apiv2][body] GET https://cloudfunctions.googleapis.com/v1/operations/cmVkZGl0LWNsb25lLXR1dG9yaWFsLWQwMWZkL3VzLWNlbnRyYWwxL2NyZWF0ZVVzZXJEb2N1bWVudC9VUHNYRGZ6SHZMRQ {"name":"operations/cmVkZGl0LWNsb25lLXR1dG9yaWFsLWQwMWZkL3VzLWNlbnRyYWwxL2NyZWF0ZVVzZXJEb2N1bWVudC9VUHNYRGZ6SHZMRQ","metadata":{"@type":"type.googleapis.com/google.cloud.functions.v1.OperationMetadataV1","target":"projects/reddit-clone-tutorial-d01fd/locations/us-central1/functions/createUserDocument","type":"CREATE_FUNCTION","request":{"@type":"type.googleapis.com/google.cloud.functions.v1.CloudFunction","name":"projects/reddit-clone-tutorial-d01fd/locations/us-central1/functions/createUserDocument","eventTrigger":{"eventType":"providers/firebase.auth/eventTypes/user.create","resource":"projects/reddit-clone-tutorial-d01fd"},"entryPoint":"createUserDocument","labels":{"deployment-tool":"cli-firebase"},"sourceUploadUrl":"https://storage.googleapis.com/uploads-68280621192.us-central1.cloudfunctions.appspot.com/db6aa39f-054b-4749-aafe-7ded2394e418.zip?GoogleAccessId=service-207085595219@gcf-admin-robot.iam.gserviceaccount.com&Expires=1660395023&Signature=IalsP2qW3mM3luomgNnVuZQcL4uuDq3CUZhUSIXUx%2BlgaQgdcjU5pzrVjSAg%2BiRCkXzRfIARMfEfldFIvjVBKdXgmtCLtdKtvGdLE7AIhVVikoKl%2BFw6%2BrXeL1cCWVLv2YZPdiJbeMSn1befQLm6dw6L9Dpjaq3da%2FeesBvcP1XXl%2FScexNVBIp3mUrO3Ove1v8YlALOS%2Bz7PJ%2Foe3pJ%2BZRJwHyEy2tXOKxiJbguKHVswa%2Bz0fsgZvtvcjoB5H9p%2Bok7w97VY1y8CuWaTJYuWpk6Qt29PgJc2PjyZMwhiMWvK32Smmp74X5STJHnglEQis9UlDx57Rq6E3qggEwIhQ%3D%3D","environmentVariables":{"FIREBASE_CONFIG":"{\"projectId\":\"reddit-clone-tutorial-d01fd\",\"storageBucket\":\"reddit-clone-tutorial-d01fd.appspot.com\",\"locationId\":\"asia-northeast3\"}","GCLOUD_PROJECT":"reddit-clone-tutorial-d01fd"},"runtime":"nodejs16","dockerRegistry":"ARTIFACT_REGISTRY"},"versionId":"1","updateTime":"2022-08-13T12:20:25Z","buildId":"c67e5f60-b4eb-44cf-b095-0eeb0010335f","buildName":"projects/207085595219/locations/us-central1/builds/c67e5f60-b4eb-44cf-b095-0eeb0010335f"}}
[debug] [2022-08-13T12:20:56.091Z] [create-default-us-central1-createUserDocument] Retrying task index 0
[debug] [2022-08-13T12:20:56.091Z] >>> [apiv2][query] GET https://cloudfunctions.googleapis.com/v1/operations/cmVkZGl0LWNsb25lLXR1dG9yaWFsLWQwMWZkL3VzLWNlbnRyYWwxL2NyZWF0ZVVzZXJEb2N1bWVudC9VUHNYRGZ6SHZMRQ [none]
[debug] [2022-08-13T12:20:56.633Z] <<< [apiv2][status] GET https://cloudfunctions.googleapis.com/v1/operations/cmVkZGl0LWNsb25lLXR1dG9yaWFsLWQwMWZkL3VzLWNlbnRyYWwxL2NyZWF0ZVVzZXJEb2N1bWVudC9VUHNYRGZ6SHZMRQ 200
[debug] [2022-08-13T12:20:56.634Z] <<< [apiv2][body] GET https://cloudfunctions.googleapis.com/v1/operations/cmVkZGl0LWNsb25lLXR1dG9yaWFsLWQwMWZkL3VzLWNlbnRyYWwxL2NyZWF0ZVVzZXJEb2N1bWVudC9VUHNYRGZ6SHZMRQ {"name":"operations/cmVkZGl0LWNsb25lLXR1dG9yaWFsLWQwMWZkL3VzLWNlbnRyYWwxL2NyZWF0ZVVzZXJEb2N1bWVudC9VUHNYRGZ6SHZMRQ","metadata":{"@type":"type.googleapis.com/google.cloud.functions.v1.OperationMetadataV1","target":"projects/reddit-clone-tutorial-d01fd/locations/us-central1/functions/createUserDocument","type":"CREATE_FUNCTION","request":{"@type":"type.googleapis.com/google.cloud.functions.v1.CloudFunction","name":"projects/reddit-clone-tutorial-d01fd/locations/us-central1/functions/createUserDocument","eventTrigger":{"eventType":"providers/firebase.auth/eventTypes/user.create","resource":"projects/reddit-clone-tutorial-d01fd"},"entryPoint":"createUserDocument","labels":{"deployment-tool":"cli-firebase"},"sourceUploadUrl":"https://storage.googleapis.com/uploads-68280621192.us-central1.cloudfunctions.appspot.com/db6aa39f-054b-4749-aafe-7ded2394e418.zip?GoogleAccessId=service-207085595219@gcf-admin-robot.iam.gserviceaccount.com&Expires=1660395023&Signature=IalsP2qW3mM3luomgNnVuZQcL4uuDq3CUZhUSIXUx%2BlgaQgdcjU5pzrVjSAg%2BiRCkXzRfIARMfEfldFIvjVBKdXgmtCLtdKtvGdLE7AIhVVikoKl%2BFw6%2BrXeL1cCWVLv2YZPdiJbeMSn1befQLm6dw6L9Dpjaq3da%2FeesBvcP1XXl%2FScexNVBIp3mUrO3Ove1v8YlALOS%2Bz7PJ%2Foe3pJ%2BZRJwHyEy2tXOKxiJbguKHVswa%2Bz0fsgZvtvcjoB5H9p%2Bok7w97VY1y8CuWaTJYuWpk6Qt29PgJc2PjyZMwhiMWvK32Smmp74X5STJHnglEQis9UlDx57Rq6E3qggEwIhQ%3D%3D","environmentVariables":{"FIREBASE_CONFIG":"{\"projectId\":\"reddit-clone-tutorial-d01fd\",\"storageBucket\":\"reddit-clone-tutorial-d01fd.appspot.com\",\"locationId\":\"asia-northeast3\"}","GCLOUD_PROJECT":"reddit-clone-tutorial-d01fd"},"runtime":"nodejs16","dockerRegistry":"ARTIFACT_REGISTRY"},"versionId":"1","updateTime":"2022-08-13T12:20:25Z","buildId":"c67e5f60-b4eb-44cf-b095-0eeb0010335f","buildName":"projects/207085595219/locations/us-central1/builds/c67e5f60-b4eb-44cf-b095-0eeb0010335f"}}
[debug] [2022-08-13T12:21:06.637Z] [create-default-us-central1-createUserDocument] Retrying task index 0
[debug] [2022-08-13T12:21:06.639Z] >>> [apiv2][query] GET https://cloudfunctions.googleapis.com/v1/operations/cmVkZGl0LWNsb25lLXR1dG9yaWFsLWQwMWZkL3VzLWNlbnRyYWwxL2NyZWF0ZVVzZXJEb2N1bWVudC9VUHNYRGZ6SHZMRQ [none]
[debug] [2022-08-13T12:21:07.393Z] <<< [apiv2][status] GET https://cloudfunctions.googleapis.com/v1/operations/cmVkZGl0LWNsb25lLXR1dG9yaWFsLWQwMWZkL3VzLWNlbnRyYWwxL2NyZWF0ZVVzZXJEb2N1bWVudC9VUHNYRGZ6SHZMRQ 200
[debug] [2022-08-13T12:21:07.394Z] <<< [apiv2][body] GET https://cloudfunctions.googleapis.com/v1/operations/cmVkZGl0LWNsb25lLXR1dG9yaWFsLWQwMWZkL3VzLWNlbnRyYWwxL2NyZWF0ZVVzZXJEb2N1bWVudC9VUHNYRGZ6SHZMRQ {"name":"operations/cmVkZGl0LWNsb25lLXR1dG9yaWFsLWQwMWZkL3VzLWNlbnRyYWwxL2NyZWF0ZVVzZXJEb2N1bWVudC9VUHNYRGZ6SHZMRQ","metadata":{"@type":"type.googleapis.com/google.cloud.functions.v1.OperationMetadataV1","target":"projects/reddit-clone-tutorial-d01fd/locations/us-central1/functions/createUserDocument","type":"CREATE_FUNCTION","request":{"@type":"type.googleapis.com/google.cloud.functions.v1.CloudFunction","name":"projects/reddit-clone-tutorial-d01fd/locations/us-central1/functions/createUserDocument","eventTrigger":{"eventType":"providers/firebase.auth/eventTypes/user.create","resource":"projects/reddit-clone-tutorial-d01fd"},"entryPoint":"createUserDocument","labels":{"deployment-tool":"cli-firebase"},"sourceUploadUrl":"https://storage.googleapis.com/uploads-68280621192.us-central1.cloudfunctions.appspot.com/db6aa39f-054b-4749-aafe-7ded2394e418.zip?GoogleAccessId=service-207085595219@gcf-admin-robot.iam.gserviceaccount.com&Expires=1660395023&Signature=IalsP2qW3mM3luomgNnVuZQcL4uuDq3CUZhUSIXUx%2BlgaQgdcjU5pzrVjSAg%2BiRCkXzRfIARMfEfldFIvjVBKdXgmtCLtdKtvGdLE7AIhVVikoKl%2BFw6%2BrXeL1cCWVLv2YZPdiJbeMSn1befQLm6dw6L9Dpjaq3da%2FeesBvcP1XXl%2FScexNVBIp3mUrO3Ove1v8YlALOS%2Bz7PJ%2Foe3pJ%2BZRJwHyEy2tXOKxiJbguKHVswa%2Bz0fsgZvtvcjoB5H9p%2Bok7w97VY1y8CuWaTJYuWpk6Qt29PgJc2PjyZMwhiMWvK32Smmp74X5STJHnglEQis9UlDx57Rq6E3qggEwIhQ%3D%3D","environmentVariables":{"FIREBASE_CONFIG":"{\"projectId\":\"reddit-clone-tutorial-d01fd\",\"storageBucket\":\"reddit-clone-tutorial-d01fd.appspot.com\",\"locationId\":\"asia-northeast3\"}","GCLOUD_PROJECT":"reddit-clone-tutorial-d01fd"},"runtime":"nodejs16","dockerRegistry":"ARTIFACT_REGISTRY"},"versionId":"1","updateTime":"2022-08-13T12:20:25Z","buildId":"c67e5f60-b4eb-44cf-b095-0eeb0010335f","buildName":"projects/207085595219/locations/us-central1/builds/c67e5f60-b4eb-44cf-b095-0eeb0010335f"}}
[debug] [2022-08-13T12:21:17.396Z] [create-default-us-central1-createUserDocument] Retrying task index 0
[debug] [2022-08-13T12:21:17.397Z] >>> [apiv2][query] GET https://cloudfunctions.googleapis.com/v1/operations/cmVkZGl0LWNsb25lLXR1dG9yaWFsLWQwMWZkL3VzLWNlbnRyYWwxL2NyZWF0ZVVzZXJEb2N1bWVudC9VUHNYRGZ6SHZMRQ [none]
[debug] [2022-08-13T12:21:18.137Z] <<< [apiv2][status] GET https://cloudfunctions.googleapis.com/v1/operations/cmVkZGl0LWNsb25lLXR1dG9yaWFsLWQwMWZkL3VzLWNlbnRyYWwxL2NyZWF0ZVVzZXJEb2N1bWVudC9VUHNYRGZ6SHZMRQ 200
[debug] [2022-08-13T12:21:18.138Z] <<< [apiv2][body] GET https://cloudfunctions.googleapis.com/v1/operations/cmVkZGl0LWNsb25lLXR1dG9yaWFsLWQwMWZkL3VzLWNlbnRyYWwxL2NyZWF0ZVVzZXJEb2N1bWVudC9VUHNYRGZ6SHZMRQ {"name":"operations/cmVkZGl0LWNsb25lLXR1dG9yaWFsLWQwMWZkL3VzLWNlbnRyYWwxL2NyZWF0ZVVzZXJEb2N1bWVudC9VUHNYRGZ6SHZMRQ","metadata":{"@type":"type.googleapis.com/google.cloud.functions.v1.OperationMetadataV1","target":"projects/reddit-clone-tutorial-d01fd/locations/us-central1/functions/createUserDocument","type":"CREATE_FUNCTION","request":{"@type":"type.googleapis.com/google.cloud.functions.v1.CloudFunction","name":"projects/reddit-clone-tutorial-d01fd/locations/us-central1/functions/createUserDocument","eventTrigger":{"eventType":"providers/firebase.auth/eventTypes/user.create","resource":"projects/reddit-clone-tutorial-d01fd"},"entryPoint":"createUserDocument","labels":{"deployment-tool":"cli-firebase"},"sourceUploadUrl":"https://storage.googleapis.com/uploads-68280621192.us-central1.cloudfunctions.appspot.com/db6aa39f-054b-4749-aafe-7ded2394e418.zip?GoogleAccessId=service-207085595219@gcf-admin-robot.iam.gserviceaccount.com&Expires=1660395023&Signature=IalsP2qW3mM3luomgNnVuZQcL4uuDq3CUZhUSIXUx%2BlgaQgdcjU5pzrVjSAg%2BiRCkXzRfIARMfEfldFIvjVBKdXgmtCLtdKtvGdLE7AIhVVikoKl%2BFw6%2BrXeL1cCWVLv2YZPdiJbeMSn1befQLm6dw6L9Dpjaq3da%2FeesBvcP1XXl%2FScexNVBIp3mUrO3Ove1v8YlALOS%2Bz7PJ%2Foe3pJ%2BZRJwHyEy2tXOKxiJbguKHVswa%2Bz0fsgZvtvcjoB5H9p%2Bok7w97VY1y8CuWaTJYuWpk6Qt29PgJc2PjyZMwhiMWvK32Smmp74X5STJHnglEQis9UlDx57Rq6E3qggEwIhQ%3D%3D","environmentVariables":{"FIREBASE_CONFIG":"{\"projectId\":\"reddit-clone-tutorial-d01fd\",\"storageBucket\":\"reddit-clone-tutorial-d01fd.appspot.com\",\"locationId\":\"asia-northeast3\"}","GCLOUD_PROJECT":"reddit-clone-tutorial-d01fd"},"runtime":"nodejs16","dockerRegistry":"ARTIFACT_REGISTRY"},"versionId":"1","updateTime":"2022-08-13T12:20:25Z","buildId":"c67e5f60-b4eb-44cf-b095-0eeb0010335f","buildName":"projects/207085595219/locations/us-central1/builds/c67e5f60-b4eb-44cf-b095-0eeb0010335f"}}
[debug] [2022-08-13T12:21:28.139Z] [create-default-us-central1-createUserDocument] Retrying task index 0
[debug] [2022-08-13T12:21:28.140Z] >>> [apiv2][query] GET https://cloudfunctions.googleapis.com/v1/operations/cmVkZGl0LWNsb25lLXR1dG9yaWFsLWQwMWZkL3VzLWNlbnRyYWwxL2NyZWF0ZVVzZXJEb2N1bWVudC9VUHNYRGZ6SHZMRQ [none]
[debug] [2022-08-13T12:21:28.777Z] <<< [apiv2][status] GET https://cloudfunctions.googleapis.com/v1/operations/cmVkZGl0LWNsb25lLXR1dG9yaWFsLWQwMWZkL3VzLWNlbnRyYWwxL2NyZWF0ZVVzZXJEb2N1bWVudC9VUHNYRGZ6SHZMRQ 200
[debug] [2022-08-13T12:21:28.777Z] <<< [apiv2][body] GET https://cloudfunctions.googleapis.com/v1/operations/cmVkZGl0LWNsb25lLXR1dG9yaWFsLWQwMWZkL3VzLWNlbnRyYWwxL2NyZWF0ZVVzZXJEb2N1bWVudC9VUHNYRGZ6SHZMRQ {"name":"operations/cmVkZGl0LWNsb25lLXR1dG9yaWFsLWQwMWZkL3VzLWNlbnRyYWwxL2NyZWF0ZVVzZXJEb2N1bWVudC9VUHNYRGZ6SHZMRQ","metadata":{"@type":"type.googleapis.com/google.cloud.functions.v1.OperationMetadataV1","target":"projects/reddit-clone-tutorial-d01fd/locations/us-central1/functions/createUserDocument","type":"CREATE_FUNCTION","request":{"@type":"type.googleapis.com/google.cloud.functions.v1.CloudFunction","name":"projects/reddit-clone-tutorial-d01fd/locations/us-central1/functions/createUserDocument","eventTrigger":{"eventType":"providers/firebase.auth/eventTypes/user.create","resource":"projects/reddit-clone-tutorial-d01fd"},"entryPoint":"createUserDocument","labels":{"deployment-tool":"cli-firebase"},"sourceUploadUrl":"https://storage.googleapis.com/uploads-68280621192.us-central1.cloudfunctions.appspot.com/db6aa39f-054b-4749-aafe-7ded2394e418.zip?GoogleAccessId=service-207085595219@gcf-admin-robot.iam.gserviceaccount.com&Expires=1660395023&Signature=IalsP2qW3mM3luomgNnVuZQcL4uuDq3CUZhUSIXUx%2BlgaQgdcjU5pzrVjSAg%2BiRCkXzRfIARMfEfldFIvjVBKdXgmtCLtdKtvGdLE7AIhVVikoKl%2BFw6%2BrXeL1cCWVLv2YZPdiJbeMSn1befQLm6dw6L9Dpjaq3da%2FeesBvcP1XXl%2FScexNVBIp3mUrO3Ove1v8YlALOS%2Bz7PJ%2Foe3pJ%2BZRJwHyEy2tXOKxiJbguKHVswa%2Bz0fsgZvtvcjoB5H9p%2Bok7w97VY1y8CuWaTJYuWpk6Qt29PgJc2PjyZMwhiMWvK32Smmp74X5STJHnglEQis9UlDx57Rq6E3qggEwIhQ%3D%3D","environmentVariables":{"FIREBASE_CONFIG":"{\"projectId\":\"reddit-clone-tutorial-d01fd\",\"storageBucket\":\"reddit-clone-tutorial-d01fd.appspot.com\",\"locationId\":\"asia-northeast3\"}","GCLOUD_PROJECT":"reddit-clone-tutorial-d01fd"},"runtime":"nodejs16","dockerRegistry":"ARTIFACT_REGISTRY"},"versionId":"1","updateTime":"2022-08-13T12:20:25Z","buildId":"c67e5f60-b4eb-44cf-b095-0eeb0010335f","sourceToken":"0b9c0003-eb66-4937-baa5-a9b3cafb8610","buildName":"projects/207085595219/locations/us-central1/builds/c67e5f60-b4eb-44cf-b095-0eeb0010335f"}}
[debug] [2022-08-13T12:21:28.777Z] Got source token 0b9c0003-eb66-4937-baa5-a9b3cafb8610 for region us-central1
[debug] [2022-08-13T12:21:38.779Z] [create-default-us-central1-createUserDocument] Retrying task index 0
[debug] [2022-08-13T12:21:38.779Z] >>> [apiv2][query] GET https://cloudfunctions.googleapis.com/v1/operations/cmVkZGl0LWNsb25lLXR1dG9yaWFsLWQwMWZkL3VzLWNlbnRyYWwxL2NyZWF0ZVVzZXJEb2N1bWVudC9VUHNYRGZ6SHZMRQ [none]
[debug] [2022-08-13T12:21:39.334Z] <<< [apiv2][status] GET https://cloudfunctions.googleapis.com/v1/operations/cmVkZGl0LWNsb25lLXR1dG9yaWFsLWQwMWZkL3VzLWNlbnRyYWwxL2NyZWF0ZVVzZXJEb2N1bWVudC9VUHNYRGZ6SHZMRQ 200
[debug] [2022-08-13T12:21:39.335Z] <<< [apiv2][body] GET https://cloudfunctions.googleapis.com/v1/operations/cmVkZGl0LWNsb25lLXR1dG9yaWFsLWQwMWZkL3VzLWNlbnRyYWwxL2NyZWF0ZVVzZXJEb2N1bWVudC9VUHNYRGZ6SHZMRQ {"name":"operations/cmVkZGl0LWNsb25lLXR1dG9yaWFsLWQwMWZkL3VzLWNlbnRyYWwxL2NyZWF0ZVVzZXJEb2N1bWVudC9VUHNYRGZ6SHZMRQ","metadata":{"@type":"type.googleapis.com/google.cloud.functions.v1.OperationMetadataV1","target":"projects/reddit-clone-tutorial-d01fd/locations/us-central1/functions/createUserDocument","type":"CREATE_FUNCTION","request":{"@type":"type.googleapis.com/google.cloud.functions.v1.CloudFunction","name":"projects/reddit-clone-tutorial-d01fd/locations/us-central1/functions/createUserDocument","eventTrigger":{"eventType":"providers/firebase.auth/eventTypes/user.create","resource":"projects/reddit-clone-tutorial-d01fd"},"entryPoint":"createUserDocument","labels":{"deployment-tool":"cli-firebase"},"sourceUploadUrl":"https://storage.googleapis.com/uploads-68280621192.us-central1.cloudfunctions.appspot.com/db6aa39f-054b-4749-aafe-7ded2394e418.zip?GoogleAccessId=service-207085595219@gcf-admin-robot.iam.gserviceaccount.com&Expires=1660395023&Signature=IalsP2qW3mM3luomgNnVuZQcL4uuDq3CUZhUSIXUx%2BlgaQgdcjU5pzrVjSAg%2BiRCkXzRfIARMfEfldFIvjVBKdXgmtCLtdKtvGdLE7AIhVVikoKl%2BFw6%2BrXeL1cCWVLv2YZPdiJbeMSn1befQLm6dw6L9Dpjaq3da%2FeesBvcP1XXl%2FScexNVBIp3mUrO3Ove1v8YlALOS%2Bz7PJ%2Foe3pJ%2BZRJwHyEy2tXOKxiJbguKHVswa%2Bz0fsgZvtvcjoB5H9p%2Bok7w97VY1y8CuWaTJYuWpk6Qt29PgJc2PjyZMwhiMWvK32Smmp74X5STJHnglEQis9UlDx57Rq6E3qggEwIhQ%3D%3D","environmentVariables":{"FIREBASE_CONFIG":"{\"projectId\":\"reddit-clone-tutorial-d01fd\",\"storageBucket\":\"reddit-clone-tutorial-d01fd.appspot.com\",\"locationId\":\"asia-northeast3\"}","GCLOUD_PROJECT":"reddit-clone-tutorial-d01fd"},"runtime":"nodejs16","dockerRegistry":"ARTIFACT_REGISTRY"},"versionId":"1","updateTime":"2022-08-13T12:20:25Z","buildId":"c67e5f60-b4eb-44cf-b095-0eeb0010335f","sourceToken":"0b9c0003-eb66-4937-baa5-a9b3cafb8610","buildName":"projects/207085595219/locations/us-central1/builds/c67e5f60-b4eb-44cf-b095-0eeb0010335f"}}
[debug] [2022-08-13T12:21:39.335Z] Got source token 0b9c0003-eb66-4937-baa5-a9b3cafb8610 for region us-central1
[debug] [2022-08-13T12:21:49.337Z] [create-default-us-central1-createUserDocument] Retrying task index 0
[debug] [2022-08-13T12:21:49.338Z] >>> [apiv2][query] GET https://cloudfunctions.googleapis.com/v1/operations/cmVkZGl0LWNsb25lLXR1dG9yaWFsLWQwMWZkL3VzLWNlbnRyYWwxL2NyZWF0ZVVzZXJEb2N1bWVudC9VUHNYRGZ6SHZMRQ [none]
[debug] [2022-08-13T12:21:49.887Z] <<< [apiv2][status] GET https://cloudfunctions.googleapis.com/v1/operations/cmVkZGl0LWNsb25lLXR1dG9yaWFsLWQwMWZkL3VzLWNlbnRyYWwxL2NyZWF0ZVVzZXJEb2N1bWVudC9VUHNYRGZ6SHZMRQ 200
[debug] [2022-08-13T12:21:49.887Z] <<< [apiv2][body] GET https://cloudfunctions.googleapis.com/v1/operations/cmVkZGl0LWNsb25lLXR1dG9yaWFsLWQwMWZkL3VzLWNlbnRyYWwxL2NyZWF0ZVVzZXJEb2N1bWVudC9VUHNYRGZ6SHZMRQ {"name":"operations/cmVkZGl0LWNsb25lLXR1dG9yaWFsLWQwMWZkL3VzLWNlbnRyYWwxL2NyZWF0ZVVzZXJEb2N1bWVudC9VUHNYRGZ6SHZMRQ","metadata":{"@type":"type.googleapis.com/google.cloud.functions.v1.OperationMetadataV1","target":"projects/reddit-clone-tutorial-d01fd/locations/us-central1/functions/createUserDocument","type":"CREATE_FUNCTION","request":{"@type":"type.googleapis.com/google.cloud.functions.v1.CloudFunction","name":"projects/reddit-clone-tutorial-d01fd/locations/us-central1/functions/createUserDocument","eventTrigger":{"eventType":"providers/firebase.auth/eventTypes/user.create","resource":"projects/reddit-clone-tutorial-d01fd"},"entryPoint":"createUserDocument","labels":{"deployment-tool":"cli-firebase"},"sourceUploadUrl":"https://storage.googleapis.com/uploads-68280621192.us-central1.cloudfunctions.appspot.com/db6aa39f-054b-4749-aafe-7ded2394e418.zip?GoogleAccessId=service-207085595219@gcf-admin-robot.iam.gserviceaccount.com&Expires=1660395023&Signature=IalsP2qW3mM3luomgNnVuZQcL4uuDq3CUZhUSIXUx%2BlgaQgdcjU5pzrVjSAg%2BiRCkXzRfIARMfEfldFIvjVBKdXgmtCLtdKtvGdLE7AIhVVikoKl%2BFw6%2BrXeL1cCWVLv2YZPdiJbeMSn1befQLm6dw6L9Dpjaq3da%2FeesBvcP1XXl%2FScexNVBIp3mUrO3Ove1v8YlALOS%2Bz7PJ%2Foe3pJ%2BZRJwHyEy2tXOKxiJbguKHVswa%2Bz0fsgZvtvcjoB5H9p%2Bok7w97VY1y8CuWaTJYuWpk6Qt29PgJc2PjyZMwhiMWvK32Smmp74X5STJHnglEQis9UlDx57Rq6E3qggEwIhQ%3D%3D","environmentVariables":{"FIREBASE_CONFIG":"{\"projectId\":\"reddit-clone-tutorial-d01fd\",\"storageBucket\":\"reddit-clone-tutorial-d01fd.appspot.com\",\"locationId\":\"asia-northeast3\"}","GCLOUD_PROJECT":"reddit-clone-tutorial-d01fd"},"runtime":"nodejs16","dockerRegistry":"ARTIFACT_REGISTRY"},"versionId":"1","updateTime":"2022-08-13T12:20:25Z","buildId":"c67e5f60-b4eb-44cf-b095-0eeb0010335f","sourceToken":"0b9c0003-eb66-4937-baa5-a9b3cafb8610","buildName":"projects/207085595219/locations/us-central1/builds/c67e5f60-b4eb-44cf-b095-0eeb0010335f"}}
[debug] [2022-08-13T12:21:49.888Z] Got source token 0b9c0003-eb66-4937-baa5-a9b3cafb8610 for region us-central1
[debug] [2022-08-13T12:21:59.890Z] [create-default-us-central1-createUserDocument] Retrying task index 0
[debug] [2022-08-13T12:21:59.891Z] >>> [apiv2][query] GET https://cloudfunctions.googleapis.com/v1/operations/cmVkZGl0LWNsb25lLXR1dG9yaWFsLWQwMWZkL3VzLWNlbnRyYWwxL2NyZWF0ZVVzZXJEb2N1bWVudC9VUHNYRGZ6SHZMRQ [none]
[debug] [2022-08-13T12:22:00.428Z] <<< [apiv2][status] GET https://cloudfunctions.googleapis.com/v1/operations/cmVkZGl0LWNsb25lLXR1dG9yaWFsLWQwMWZkL3VzLWNlbnRyYWwxL2NyZWF0ZVVzZXJEb2N1bWVudC9VUHNYRGZ6SHZMRQ 200
[debug] [2022-08-13T12:22:00.429Z] <<< [apiv2][body] GET https://cloudfunctions.googleapis.com/v1/operations/cmVkZGl0LWNsb25lLXR1dG9yaWFsLWQwMWZkL3VzLWNlbnRyYWwxL2NyZWF0ZVVzZXJEb2N1bWVudC9VUHNYRGZ6SHZMRQ {"name":"operations/cmVkZGl0LWNsb25lLXR1dG9yaWFsLWQwMWZkL3VzLWNlbnRyYWwxL2NyZWF0ZVVzZXJEb2N1bWVudC9VUHNYRGZ6SHZMRQ","metadata":{"@type":"type.googleapis.com/google.cloud.functions.v1.OperationMetadataV1","target":"projects/reddit-clone-tutorial-d01fd/locations/us-central1/functions/createUserDocument","type":"CREATE_FUNCTION","request":{"@type":"type.googleapis.com/google.cloud.functions.v1.CloudFunction","name":"projects/reddit-clone-tutorial-d01fd/locations/us-central1/functions/createUserDocument","eventTrigger":{"eventType":"providers/firebase.auth/eventTypes/user.create","resource":"projects/reddit-clone-tutorial-d01fd"},"entryPoint":"createUserDocument","labels":{"deployment-tool":"cli-firebase"},"sourceUploadUrl":"https://storage.googleapis.com/uploads-68280621192.us-central1.cloudfunctions.appspot.com/db6aa39f-054b-4749-aafe-7ded2394e418.zip?GoogleAccessId=service-207085595219@gcf-admin-robot.iam.gserviceaccount.com&Expires=1660395023&Signature=IalsP2qW3mM3luomgNnVuZQcL4uuDq3CUZhUSIXUx%2BlgaQgdcjU5pzrVjSAg%2BiRCkXzRfIARMfEfldFIvjVBKdXgmtCLtdKtvGdLE7AIhVVikoKl%2BFw6%2BrXeL1cCWVLv2YZPdiJbeMSn1befQLm6dw6L9Dpjaq3da%2FeesBvcP1XXl%2FScexNVBIp3mUrO3Ove1v8YlALOS%2Bz7PJ%2Foe3pJ%2BZRJwHyEy2tXOKxiJbguKHVswa%2Bz0fsgZvtvcjoB5H9p%2Bok7w97VY1y8CuWaTJYuWpk6Qt29PgJc2PjyZMwhiMWvK32Smmp74X5STJHnglEQis9UlDx57Rq6E3qggEwIhQ%3D%3D","environmentVariables":{"FIREBASE_CONFIG":"{\"projectId\":\"reddit-clone-tutorial-d01fd\",\"storageBucket\":\"reddit-clone-tutorial-d01fd.appspot.com\",\"locationId\":\"asia-northeast3\"}","GCLOUD_PROJECT":"reddit-clone-tutorial-d01fd"},"runtime":"nodejs16","dockerRegistry":"ARTIFACT_REGISTRY"},"versionId":"1","updateTime":"2022-08-13T12:21:52Z","buildId":"c67e5f60-b4eb-44cf-b095-0eeb0010335f","sourceToken":"0b9c0003-eb66-4937-baa5-a9b3cafb8610","buildName":"projects/207085595219/locations/us-central1/builds/c67e5f60-b4eb-44cf-b095-0eeb0010335f"},"done":true,"response":{"@type":"type.googleapis.com/google.cloud.functions.v1.CloudFunction","name":"projects/reddit-clone-tutorial-d01fd/locations/us-central1/functions/createUserDocument","eventTrigger":{"eventType":"providers/firebase.auth/eventTypes/user.create","resource":"projects/reddit-clone-tutorial-d01fd","service":"firebaseauth.googleapis.com","failurePolicy":{}},"status":"ACTIVE","entryPoint":"createUserDocument","timeout":"60s","availableMemoryMb":256,"serviceAccountEmail":"reddit-clone-tutorial-d01fd@appspot.gserviceaccount.com","updateTime":"2022-08-13T12:21:52.194Z","versionId":"1","labels":{"deployment-tool":"cli-firebase"},"sourceUploadUrl":"https://storage.googleapis.com/uploads-68280621192.us-central1.cloudfunctions.appspot.com/db6aa39f-054b-4749-aafe-7ded2394e418.zip","environmentVariables":{"FIREBASE_CONFIG":"{\"projectId\":\"reddit-clone-tutorial-d01fd\",\"storageBucket\":\"reddit-clone-tutorial-d01fd.appspot.com\",\"locationId\":\"asia-northeast3\"}","GCLOUD_PROJECT":"reddit-clone-tutorial-d01fd"},"runtime":"nodejs16","ingressSettings":"ALLOW_ALL","buildId":"c67e5f60-b4eb-44cf-b095-0eeb0010335f","buildName":"projects/207085595219/locations/us-central1/builds/c67e5f60-b4eb-44cf-b095-0eeb0010335f","dockerRegistry":"ARTIFACT_REGISTRY"}}
[debug] [2022-08-13T12:22:00.429Z] Got source token 0b9c0003-eb66-4937-baa5-a9b3cafb8610 for region us-central1
[info] ✔  functions[createUserDocument(us-central1)] Successful create operation. 
[debug] [2022-08-13T12:22:00.440Z] Total Function Deployment time: 95459
[debug] [2022-08-13T12:22:00.440Z] 1 Functions Deployed
[debug] [2022-08-13T12:22:00.440Z] 0 Functions Errored
[debug] [2022-08-13T12:22:00.440Z] 0 Function Deployments Aborted
[debug] [2022-08-13T12:22:00.440Z] Average Function Deployment time: 95457
[info] i  functions: cleaning up build files... 
[debug] [2022-08-13T12:22:00.632Z] >>> [apiv2][query] DELETE https://artifactregistry.googleapis.com/v1beta2/projects/reddit-clone-tutorial-d01fd/locations/us-central1/repositories/gcf-artifacts/packages/create_user_document [none]
[debug] [2022-08-13T12:22:00.633Z] >>> [apiv2][query] GET https://us.gcr.io/v2/reddit-clone-tutorial-d01fd/gcf/us-central1/tags/list [none]
[debug] [2022-08-13T12:22:00.982Z] <<< [apiv2][status] GET https://us.gcr.io/v2/reddit-clone-tutorial-d01fd/gcf/us-central1/tags/list 200
[debug] [2022-08-13T12:22:00.983Z] <<< [apiv2][body] GET https://us.gcr.io/v2/reddit-clone-tutorial-d01fd/gcf/us-central1/tags/list {"child":[],"manifest":{},"name":"reddit-clone-tutorial-d01fd/gcf/us-central1","tags":[]}
[debug] [2022-08-13T12:22:00.984Z] Could not find image for function projects/reddit-clone-tutorial-d01fd/locations/us-central1/functions/createUserDocument
[debug] [2022-08-13T12:22:01.809Z] <<< [apiv2][status] DELETE https://artifactregistry.googleapis.com/v1beta2/projects/reddit-clone-tutorial-d01fd/locations/us-central1/repositories/gcf-artifacts/packages/create_user_document 200
[debug] [2022-08-13T12:22:01.811Z] <<< [apiv2][body] DELETE https://artifactregistry.googleapis.com/v1beta2/projects/reddit-clone-tutorial-d01fd/locations/us-central1/repositories/gcf-artifacts/packages/create_user_document {"name":"projects/reddit-clone-tutorial-d01fd/locations/us-central1/operations/5a03f9b4-cf48-4db7-a68b-5fcd6f57a97a","metadata":{"@type":"type.googleapis.com/google.devtools.artifactregistry.v1beta2.OperationMetadata"}}
[debug] [2022-08-13T12:22:01.811Z] >>> [apiv2][query] GET https://artifactregistry.googleapis.com/v1beta2/projects/reddit-clone-tutorial-d01fd/locations/us-central1/operations/5a03f9b4-cf48-4db7-a68b-5fcd6f57a97a [none]
[debug] [2022-08-13T12:22:02.978Z] <<< [apiv2][status] GET https://artifactregistry.googleapis.com/v1beta2/projects/reddit-clone-tutorial-d01fd/locations/us-central1/operations/5a03f9b4-cf48-4db7-a68b-5fcd6f57a97a 200
[debug] [2022-08-13T12:22:02.978Z] <<< [apiv2][body] GET https://artifactregistry.googleapis.com/v1beta2/projects/reddit-clone-tutorial-d01fd/locations/us-central1/operations/5a03f9b4-cf48-4db7-a68b-5fcd6f57a97a {"name":"projects/reddit-clone-tutorial-d01fd/locations/us-central1/operations/5a03f9b4-cf48-4db7-a68b-5fcd6f57a97a","metadata":{"@type":"type.googleapis.com/google.devtools.artifactregistry.v1beta2.OperationMetadata"},"done":true,"response":{"@type":"type.googleapis.com/google.protobuf.Empty"}}
[info] 
[info] ✔  Deploy complete! 
[info] 
[info] Project Console: https://console.firebase.google.com/project/reddit-clone-tutorial-d01fd/overview
